TN:
SF:src\app.controller.ts
FN:37,createApp
FN:47,(anonymous_1)
FN:51,(anonymous_2)
FN:59,(anonymous_3)
FN:67,(anonymous_4)
FN:69,(anonymous_5)
FN:75,(anonymous_6)
FN:80,(anonymous_7)
FN:82,(anonymous_8)
FN:154,(anonymous_9)
FN:166,(anonymous_10)
FN:173,(anonymous_11)
FN:177,(anonymous_12)
FN:189,(anonymous_13)
FN:204,(anonymous_14)
FNF:15
FNH:8
FNDA:12,createApp
FNDA:12,(anonymous_1)
FNDA:129,(anonymous_2)
FNDA:129,(anonymous_3)
FNDA:129,(anonymous_4)
FNDA:0,(anonymous_5)
FNDA:129,(anonymous_6)
FNDA:129,(anonymous_7)
FNDA:129,(anonymous_8)
FNDA:0,(anonymous_9)
FNDA:0,(anonymous_10)
FNDA:0,(anonymous_11)
FNDA:0,(anonymous_12)
FNDA:0,(anonymous_13)
FNDA:0,(anonymous_14)
DA:38,12
DA:41,12
DA:43,12
DA:44,12
DA:45,12
DA:47,12
DA:50,12
DA:52,129
DA:53,0
DA:54,0
DA:59,12
DA:60,129
DA:61,129
DA:62,129
DA:65,12
DA:67,12
DA:68,129
DA:69,129
DA:70,0
DA:72,129
DA:75,12
DA:76,129
DA:77,129
DA:80,12
DA:81,129
DA:82,129
DA:83,129
DA:84,129
DA:85,129
DA:86,129
DA:95,129
DA:96,0
DA:105,129
DA:108,12
DA:109,12
DA:116,12
DA:118,12
DA:125,12
DA:126,12
DA:128,12
DA:136,12
DA:137,12
DA:138,12
DA:139,12
DA:140,12
DA:141,12
DA:142,12
DA:143,12
DA:144,12
DA:145,12
DA:146,12
DA:147,12
DA:148,12
DA:149,12
DA:150,12
DA:151,12
DA:152,12
DA:154,12
DA:155,0
DA:156,0
DA:166,0
DA:173,12
DA:174,0
DA:177,12
DA:178,0
DA:181,12
DA:183,12
DA:189,12
DA:190,0
DA:193,0
DA:194,0
DA:195,0
DA:196,0
DA:198,0
DA:201,0
DA:202,0
DA:204,0
DA:205,0
LF:78
LH:59
BRDA:52,0,0,129
BRDA:52,0,1,0
BRDA:53,1,0,0
BRDA:53,1,1,0
BRDA:60,2,0,75
BRDA:60,2,1,54
BRDA:61,3,0,129
BRDA:61,3,1,0
BRDA:68,4,0,0
BRDA:68,4,1,129
BRDA:92,5,0,129
BRDA:92,5,1,28
BRDA:93,6,0,129
BRDA:93,6,1,28
BRDA:95,7,0,0
BRDA:95,7,1,129
BRDA:101,8,0,0
BRDA:101,8,1,0
BRDA:111,9,0,12
BRDA:111,9,1,0
BRDA:120,10,0,12
BRDA:120,10,1,0
BRDA:130,11,0,12
BRDA:130,11,1,0
BRF:24
BRH:13
end_of_record
TN:
SF:src\common\enums\enum.service.ts
FN:1,(anonymous_0)
FN:7,(anonymous_1)
FN:13,(anonymous_2)
FN:42,(anonymous_3)
FN:77,(anonymous_4)
FN:89,(anonymous_5)
FN:96,(anonymous_6)
FN:103,(anonymous_7)
FN:108,(anonymous_8)
FN:124,(anonymous_9)
FN:130,(anonymous_10)
FN:136,(anonymous_11)
FNF:12
FNH:12
FNDA:12,(anonymous_0)
FNDA:12,(anonymous_1)
FNDA:12,(anonymous_2)
FNDA:12,(anonymous_3)
FNDA:12,(anonymous_4)
FNDA:12,(anonymous_5)
FNDA:12,(anonymous_6)
FNDA:12,(anonymous_7)
FNDA:12,(anonymous_8)
FNDA:12,(anonymous_9)
FNDA:12,(anonymous_10)
FNDA:12,(anonymous_11)
DA:1,12
DA:2,12
DA:3,12
DA:4,12
DA:7,12
DA:8,12
DA:9,12
DA:10,12
DA:13,12
DA:14,12
DA:15,12
DA:16,12
DA:19,12
DA:26,12
DA:32,12
DA:35,12
DA:42,12
DA:44,12
DA:45,12
DA:46,12
DA:47,12
DA:48,12
DA:49,12
DA:51,12
DA:52,12
DA:53,12
DA:55,12
DA:56,12
DA:57,12
DA:61,12
DA:77,12
DA:78,12
DA:79,12
DA:80,12
DA:83,12
DA:89,12
DA:90,12
DA:91,12
DA:92,12
DA:93,12
DA:96,12
DA:97,12
DA:98,12
DA:99,12
DA:100,12
DA:103,12
DA:104,12
DA:105,12
DA:108,12
DA:110,12
DA:111,12
DA:112,12
DA:113,12
DA:114,12
DA:115,12
DA:118,12
DA:119,12
DA:120,12
DA:121,12
DA:124,12
DA:125,12
DA:126,12
DA:127,12
DA:130,12
DA:131,12
DA:132,12
DA:133,12
DA:136,12
DA:137,12
DA:138,12
LF:70
LH:70
BRF:0
BRH:0
end_of_record
TN:
SF:src\common\utils\activity.service.ts
FN:11,trackEvent
FN:30,(anonymous_1)
FNF:2
FNH:1
FNDA:15,trackEvent
FNDA:0,(anonymous_1)
DA:21,15
DA:24,15
LF:2
LH:2
BRDA:28,0,0,8
BRDA:28,0,1,7
BRDA:29,1,0,15
BRDA:29,1,1,0
BRF:4
BRH:3
end_of_record
TN:
SF:src\common\utils\date.util.ts
FN:37,startOfDayEgypt
FN:46,startOfDayEgyptMs
FN:55,todayEgypt
FN:68,egyptDayBounds
FN:81,resolveTransactionDate
FNF:5
FNH:5
FNDA:18,startOfDayEgypt
FNDA:12,startOfDayEgyptMs
FNDA:3,todayEgypt
FNDA:4,egyptDayBounds
FNDA:11,resolveTransactionDate
DA:11,13
DA:14,13
DA:38,18
DA:39,18
DA:47,12
DA:48,12
DA:49,12
DA:56,3
DA:57,3
DA:69,4
DA:70,4
DA:71,4
DA:82,11
DA:83,5
DA:85,3
DA:86,3
DA:87,3
DA:88,3
DA:89,3
DA:91,3
DA:92,1
DA:95,2
DA:98,0
LF:23
LH:22
BRDA:82,0,0,6
BRDA:82,0,1,5
BRDA:83,1,0,2
BRDA:83,1,1,3
BRDA:86,2,0,3
BRDA:86,2,1,0
BRDA:91,3,0,1
BRDA:91,3,1,2
BRF:8
BRH:7
end_of_record
TN:
SF:src\common\utils\logger.util.ts
FN:9,safeSerialize
FN:19,log
FN:39,(anonymous_2)
FN:40,(anonymous_3)
FN:41,(anonymous_4)
FN:42,(anonymous_5)
FN:46,(anonymous_6)
FNF:7
FNH:6
FNDA:1263,safeSerialize
FNDA:196,log
FNDA:145,(anonymous_2)
FNDA:10,(anonymous_3)
FNDA:41,(anonymous_4)
FNDA:0,(anonymous_5)
FNDA:129,(anonymous_6)
DA:10,1263
DA:11,1263
DA:12,22
DA:13,22
DA:15,0
DA:20,196
DA:26,196
DA:27,196
DA:28,1337
DA:29,1263
DA:35,196
DA:38,13
DA:39,145
DA:40,10
DA:41,41
DA:42,0
DA:46,129
LF:17
LH:15
BRDA:10,0,0,0
BRDA:10,0,1,1263
BRDA:11,1,0,1241
BRDA:11,1,1,22
BRDA:11,2,0,1263
BRDA:11,2,1,118
BRDA:26,3,0,196
BRDA:26,3,1,0
BRDA:26,4,0,196
BRDA:26,4,1,196
BRDA:28,5,0,74
BRDA:28,5,1,1263
BRF:12
BRH:10
end_of_record
TN:
SF:src\common\utils\password.util.ts
FN:7,hashPassword
FN:20,comparePassword
FNF:2
FNH:2
FNDA:13,hashPassword
FNDA:13,comparePassword
DA:5,13
DA:8,27
DA:9,2
DA:12,25
DA:13,25
DA:15,0
DA:16,0
DA:21,18
DA:23,16
DA:24,16
DA:26,0
DA:27,0
LF:12
LH:8
BRDA:8,0,0,2
BRDA:8,0,1,25
BRDA:8,1,0,27
BRDA:8,1,1,26
BRDA:8,1,2,26
BRDA:21,2,0,2
BRDA:21,2,1,16
BRDA:21,3,0,18
BRDA:21,3,1,17
BRF:9
BRH:9
end_of_record
TN:
SF:src\common\utils\phone-guard.util.ts
FN:10,buildCacheKey
FN:18,getStatus
FN:46,setStatus
FNF:3
FNH:3
FNDA:12,buildCacheKey
FNDA:12,getStatus
FNDA:12,setStatus
DA:7,12
DA:11,0
DA:19,0
DA:22,0
DA:23,0
DA:26,0
DA:27,0
DA:28,0
DA:30,0
DA:31,0
DA:32,0
DA:33,0
DA:37,0
DA:40,0
DA:47,0
DA:50,0
DA:53,0
DA:54,0
DA:60,0
LF:19
LH:1
BRDA:23,0,0,0
BRDA:23,0,1,0
BRDA:28,1,0,0
BRDA:28,1,1,0
BRDA:31,2,0,0
BRDA:31,2,1,0
BRF:6
BRH:0
end_of_record
TN:
SF:src\common\utils\phone.util.ts
FN:7,normalizePhone
FNF:1
FNH:1
FNDA:14,normalizePhone
DA:8,14
DA:9,14
DA:10,5
DA:11,1
DA:13,14
LF:5
LH:5
BRDA:9,0,0,9
BRDA:9,0,1,5
BRDA:10,1,0,1
BRDA:10,1,1,4
BRDA:10,2,0,5
BRDA:10,2,1,1
BRF:6
BRH:6
end_of_record
TN:
SF:src\common\utils\premium.util.ts
FN:7,(anonymous_0)
FN:18,isTeacherPremium
FN:55,invalidatePremiumCache
FNF:3
FNH:2
FNDA:1,(anonymous_0)
FNDA:1,isTeacherPremium
FNDA:0,invalidatePremiumCache
DA:7,12
DA:19,1
DA:22,1
DA:23,1
DA:26,1
DA:27,1
DA:28,1
DA:35,1
DA:38,1
DA:40,1
DA:42,0
DA:47,0
DA:56,0
LF:13
LH:10
BRDA:23,0,0,0
BRDA:23,0,1,1
BRF:2
BRH:1
end_of_record
TN:
SF:src\common\utils\token.util.ts
FN:13,generateAccessToken
FN:21,generateRefreshToken
FN:30,verifyAccessToken
FN:34,verifyRefreshToken
FNF:4
FNH:4
FNDA:12,generateAccessToken
FNDA:12,generateRefreshToken
FNDA:12,verifyAccessToken
FNDA:12,verifyRefreshToken
DA:5,12
DA:6,12
DA:7,12
DA:8,0
DA:17,9
DA:25,8
DA:31,105
DA:35,3
LF:8
LH:7
BRDA:7,0,0,0
BRDA:7,0,1,12
BRDA:7,1,0,12
BRDA:7,1,1,12
BRDA:15,2,0,9
BRDA:23,3,0,8
BRF:6
BRH:5
end_of_record
TN:
SF:src\common\utils\response\error.responce.ts
FN:8,(anonymous_0)
FN:12,(anonymous_1)
FN:16,(anonymous_2)
FN:20,(anonymous_3)
FN:24,(anonymous_4)
FN:28,(anonymous_5)
FN:33,(anonymous_6)
FN:69,(anonymous_7)
FNF:8
FNH:6
FNDA:40,(anonymous_0)
FNDA:12,(anonymous_1)
FNDA:7,(anonymous_2)
FNDA:0,(anonymous_3)
FNDA:16,(anonymous_4)
FNDA:5,(anonymous_5)
FNDA:41,(anonymous_6)
FNDA:0,(anonymous_7)
DA:8,12
DA:9,40
DA:12,12
DA:13,12
DA:16,12
DA:17,7
DA:20,12
DA:21,0
DA:24,12
DA:25,16
DA:28,12
DA:29,5
DA:33,12
DA:34,41
DA:35,41
DA:36,41
DA:37,41
DA:40,41
DA:53,41
DA:54,1
DA:55,1
DA:74,41
DA:81,41
LF:23
LH:22
BRDA:8,0,0,40
BRDA:8,1,0,40
BRDA:8,2,0,40
BRDA:8,3,0,40
BRDA:12,4,0,12
BRDA:12,5,0,12
BRDA:12,6,0,12
BRDA:16,7,0,7
BRDA:16,8,0,7
BRDA:16,9,0,7
BRDA:20,10,0,0
BRDA:20,11,0,0
BRDA:20,12,0,0
BRDA:24,13,0,16
BRDA:24,14,0,16
BRDA:24,15,0,16
BRDA:28,16,0,5
BRDA:28,17,0,5
BRDA:28,18,0,5
BRDA:34,19,0,41
BRDA:34,19,1,1
BRDA:35,20,0,41
BRDA:35,20,1,0
BRDA:36,21,0,41
BRDA:36,21,1,0
BRDA:46,22,0,41
BRDA:46,22,1,20
BRDA:47,23,0,41
BRDA:47,23,1,20
BRDA:48,24,0,41
BRDA:48,24,1,34
BRDA:49,25,0,1
BRDA:49,25,1,40
BRDA:53,26,0,1
BRDA:53,26,1,40
BRDA:54,27,0,1
BRDA:54,27,1,0
BRDA:63,28,0,1
BRDA:63,28,1,1
BRDA:64,29,0,1
BRDA:64,29,1,1
BRDA:64,29,2,1
BRDA:78,30,0,0
BRDA:78,30,1,41
BRF:44
BRH:37
end_of_record
TN:
SF:src\common\utils\response\success.responce.ts
FN:3,(anonymous_0)
FNF:1
FNH:1
FNDA:87,(anonymous_0)
DA:3,12
DA:4,87
LF:2
LH:2
BRDA:3,0,0,87
BRDA:3,1,0,87
BRDA:3,2,0,87
BRF:3
BRH:3
end_of_record
TN:
SF:src\database\models\activity-log.model.ts
FNF:0
FNH:0
DA:12,12
DA:25,12
DA:28,12
DA:29,12
DA:32,12
LF:5
LH:5
BRDA:32,0,0,12
BRDA:32,0,1,12
BRF:2
BRH:2
end_of_record
TN:
SF:src\database\models\announcement.model.ts
FNF:0
FNH:0
DA:13,12
DA:40,12
LF:2
LH:2
BRF:0
BRH:0
end_of_record
TN:
SF:src\database\models\archive-attendance.model.ts
FNF:0
FNH:0
DA:24,12
DA:41,12
DA:44,12
DA:45,12
DA:48,12
LF:5
LH:5
BRDA:48,0,0,12
BRDA:48,0,1,12
BRF:2
BRH:2
end_of_record
TN:
SF:src\database\models\attendance-snapshot.model.ts
FNF:0
FNH:0
DA:4,12
DA:10,12
DA:47,12
DA:50,12
DA:53,12
LF:5
LH:5
BRF:0
BRH:0
end_of_record
TN:
SF:src\database\models\attendance.model.ts
FNF:0
FNH:0
DA:5,12
DA:51,12
DA:60,12
DA:63,12
LF:4
LH:4
BRF:0
BRH:0
end_of_record
TN:
SF:src\database\models\counter.model.ts
FN:18,nextSequence
FN:30,nextSequenceBulk
FNF:2
FNH:2
FNDA:2,nextSequence
FNDA:1,nextSequenceBulk
DA:9,12
DA:15,12
DA:19,2
DA:24,2
DA:31,1
DA:36,1
LF:6
LH:6
BRF:0
BRH:0
end_of_record
TN:
SF:src\database\models\error-log.model.ts
FNF:0
FNH:0
DA:17,12
DA:36,12
DA:39,12
DA:40,12
DA:43,12
LF:5
LH:5
BRDA:43,0,0,12
BRDA:43,0,1,12
BRF:2
BRH:2
end_of_record
TN:
SF:src\database\models\exam-result.model.ts
FNF:0
FNH:0
DA:4,12
DA:23,12
DA:26,12
DA:29,12
LF:4
LH:4
BRF:0
BRH:0
end_of_record
TN:
SF:src\database\models\exam.model.ts
FNF:0
FNH:0
DA:5,12
DA:15,12
DA:37,12
DA:38,12
DA:41,12
LF:5
LH:5
BRF:0
BRH:0
end_of_record
TN:
SF:src\database\models\group.model.ts
FNF:0
FNH:0
DA:5,12
DA:38,12
LF:2
LH:2
BRF:0
BRH:0
end_of_record
TN:
SF:src\database\models\ledger.model.ts
FNF:0
FNH:0
DA:5,12
DA:16,12
DA:32,12
DA:35,12
DA:39,12
DA:47,12
DA:62,12
DA:65,12
LF:8
LH:8
BRF:0
BRH:0
end_of_record
TN:
SF:src\database\models\message-log.model.ts
FNF:0
FNH:0
DA:23,12
DA:41,12
DA:44,12
DA:47,12
DA:50,12
DA:53,12
DA:57,12
DA:59,12
LF:8
LH:8
BRDA:59,0,0,12
BRDA:59,0,1,12
BRF:2
BRH:2
end_of_record
TN:
SF:src\database\models\notebook-reservation.model.ts
FNF:0
FNH:0
DA:5,12
DA:57,12
LF:2
LH:2
BRF:0
BRH:0
end_of_record
TN:
SF:src\database\models\notebook.model.ts
FNF:0
FNH:0
DA:5,12
DA:43,12
DA:46,12
LF:3
LH:3
BRF:0
BRH:0
end_of_record
TN:
SF:src\database\models\opt-out.model.ts
FNF:0
FNH:0
DA:14,12
DA:31,12
DA:34,12
LF:3
LH:3
BRF:0
BRH:0
end_of_record
TN:
SF:src\database\models\phone-status.model.ts
FNF:0
FNH:0
DA:12,12
DA:22,12
DA:25,12
DA:28,12
DA:30,12
LF:5
LH:5
BRDA:30,0,0,12
BRDA:30,0,1,12
BRF:2
BRH:2
end_of_record
TN:
SF:src\database\models\platform-settings.model.ts
FNF:0
FNH:0
DA:4,12
DA:20,12
LF:2
LH:2
BRDA:20,0,0,12
BRDA:20,0,1,12
BRF:2
BRH:2
end_of_record
TN:
SF:src\database\models\price-settings.model.ts
FNF:0
FNH:0
DA:5,12
DA:39,12
LF:2
LH:2
BRF:0
BRH:0
end_of_record
TN:
SF:src\database\models\promo-code.model.ts
FNF:0
FNH:0
DA:14,12
DA:49,12
DA:51,12
LF:3
LH:3
BRF:0
BRH:0
end_of_record
TN:
SF:src\database\models\session.model.ts
FNF:0
FNH:0
DA:5,12
DA:37,12
DA:40,12
DA:43,12
LF:4
LH:4
BRF:0
BRH:0
end_of_record
TN:
SF:src\database\models\student.model.ts
FNF:0
FNH:0
DA:5,12
DA:86,12
DA:88,12
DA:91,12
DA:93,12
LF:5
LH:5
BRF:0
BRH:0
end_of_record
TN:
SF:src\database\models\subscription.model.ts
FNF:0
FNH:0
DA:5,12
DA:59,12
DA:61,12
LF:3
LH:3
BRF:0
BRH:0
end_of_record
TN:
SF:src\database\models\transaction.model.ts
FNF:0
FNH:0
DA:5,12
DA:43,12
DA:46,12
DA:49,12
DA:52,12
LF:5
LH:5
BRF:0
BRH:0
end_of_record
TN:
SF:src\database\models\user.model.ts
FNF:0
FNH:0
DA:5,12
DA:98,12
DA:101,12
LF:3
LH:3
BRDA:101,0,0,12
BRDA:101,0,1,12
BRF:2
BRH:2
end_of_record
TN:
SF:src\middlewares\auth.middleware.ts
FN:11,(anonymous_0)
FNF:1
FNH:1
FNDA:111,(anonymous_0)
DA:9,12
DA:11,12
DA:12,111
DA:13,111
DA:14,111
DA:15,6
DA:18,105
DA:21,105
DA:24,105
DA:25,1
DA:29,101
DA:30,14
DA:31,14
DA:33,14
DA:35,14
DA:36,14
DA:38,14
DA:41,14
DA:42,0
DA:47,101
DA:52,101
DA:53,101
DA:54,101
DA:55,1
DA:56,1
DA:57,1
DA:61,101
DA:63,10
DA:64,2
DA:66,8
LF:30
LH:29
BRDA:14,0,0,6
BRDA:14,0,1,105
BRDA:14,1,0,111
BRDA:14,1,1,106
BRDA:24,2,0,1
BRDA:24,2,1,104
BRDA:29,3,0,14
BRDA:29,3,1,87
BRDA:29,4,0,101
BRDA:29,4,1,15
BRDA:33,5,0,14
BRDA:33,5,1,0
BRDA:36,6,0,14
BRDA:36,6,1,0
BRDA:41,7,0,0
BRDA:41,7,1,14
BRDA:52,8,0,101
BRDA:52,8,1,0
BRDA:54,9,0,1
BRDA:54,9,1,100
BRDA:63,10,0,2
BRDA:63,10,1,8
BRDA:63,11,0,10
BRDA:63,11,1,10
BRF:24
BRH:20
end_of_record
TN:
SF:src\middlewares\roles.middleware.ts
FN:5,(anonymous_0)
FN:6,(anonymous_1)
FNF:2
FNH:2
FNDA:900,(anonymous_0)
FNDA:85,(anonymous_1)
DA:5,12
DA:6,900
DA:7,85
DA:8,85
DA:10,85
DA:11,0
DA:14,85
DA:15,4
DA:18,81
DA:20,4
LF:10
LH:9
BRDA:10,0,0,0
BRDA:10,0,1,85
BRDA:14,1,0,4
BRDA:14,1,1,81
BRF:4
BRH:3
end_of_record
TN:
SF:src\middlewares\tenant.middleware.ts
FN:19,(anonymous_0)
FN:51,(anonymous_1)
FNF:2
FNH:1
FNDA:93,(anonymous_0)
FNDA:0,(anonymous_1)
DA:19,12
DA:20,93
DA:21,93
DA:23,0
DA:24,0
DA:25,0
DA:28,0
DA:29,0
DA:30,0
DA:33,0
DA:34,0
DA:35,0
DA:39,0
DA:40,0
DA:43,0
DA:51,12
DA:52,0
DA:53,0
DA:54,0
LF:19
LH:4
BRDA:21,0,0,93
BRDA:21,0,1,0
BRDA:23,1,0,0
BRDA:23,1,1,0
BRDA:28,2,0,0
BRDA:28,2,1,0
BRDA:33,3,0,0
BRDA:33,3,1,0
BRDA:34,4,0,0
BRDA:34,4,1,0
BRDA:52,5,0,0
BRDA:52,5,1,0
BRDA:53,6,0,0
BRDA:53,6,1,0
BRF:14
BRH:1
end_of_record
TN:
SF:src\middlewares\validate.middleware.ts
FN:5,(anonymous_0)
FN:6,(anonymous_1)
FN:17,(anonymous_2)
FNF:3
FNH:3
FNDA:360,(anonymous_0)
FNDA:55,(anonymous_1)
FNDA:12,(anonymous_2)
DA:5,12
DA:6,360
DA:7,55
DA:8,55
DA:13,48
DA:15,7
DA:17,12
DA:19,7
DA:21,0
LF:9
LH:8
BRDA:15,0,0,7
BRDA:15,0,1,0
BRF:2
BRH:1
end_of_record
TN:
SF:src\modules\attendance\attendance.controller.ts
FN:16,(anonymous_0)
FN:24,(anonymous_1)
FN:38,(anonymous_2)
FN:54,(anonymous_3)
FN:68,(anonymous_4)
FN:83,(anonymous_5)
FN:102,(anonymous_6)
FN:117,(anonymous_7)
FN:131,(anonymous_8)
FN:146,(anonymous_9)
FN:162,(anonymous_10)
FNF:11
FNH:6
FNDA:6,(anonymous_0)
FNDA:2,(anonymous_1)
FNDA:0,(anonymous_2)
FNDA:1,(anonymous_3)
FNDA:1,(anonymous_4)
FNDA:0,(anonymous_5)
FNDA:1,(anonymous_6)
FNDA:0,(anonymous_7)
FNDA:0,(anonymous_8)
FNDA:1,(anonymous_9)
FNDA:0,(anonymous_10)
DA:12,12
DA:14,12
DA:16,12
DA:17,6
DA:20,12
DA:25,2
DA:26,2
DA:27,2
DA:28,2
DA:29,1
DA:30,1
DA:35,12
DA:39,0
DA:40,0
DA:41,0
DA:42,0
DA:43,0
DA:44,0
DA:45,0
DA:50,12
DA:55,1
DA:56,1
DA:57,1
DA:58,1
DA:59,1
DA:60,0
DA:65,12
DA:69,1
DA:70,1
DA:71,1
DA:72,1
DA:73,1
DA:74,1
DA:75,0
DA:80,12
DA:84,0
DA:85,0
DA:86,0
DA:88,0
DA:90,0
DA:93,0
DA:94,0
DA:99,12
DA:103,1
DA:104,1
DA:105,1
DA:106,1
DA:107,1
DA:108,1
DA:109,0
DA:114,12
DA:118,0
DA:119,0
DA:120,0
DA:121,0
DA:122,0
DA:123,0
DA:128,12
DA:132,0
DA:133,0
DA:134,0
DA:135,0
DA:136,0
DA:137,0
DA:142,12
DA:147,1
DA:148,1
DA:149,1
DA:150,1
DA:151,1
DA:152,1
DA:153,1
DA:154,0
DA:159,12
DA:163,0
DA:164,0
DA:165,0
DA:166,0
DA:167,0
DA:168,0
LF:80
LH:44
BRDA:17,0,0,0
BRDA:17,0,1,6
BRF:2
BRH:1
end_of_record
TN:
SF:src\modules\attendance\attendance.service.ts
FN:23,recordAttendance
FN:96,recordManualAttendance
FN:112,(anonymous_2)
FN:119,(anonymous_3)
FN:122,(anonymous_4)
FN:135,batchRecordAttendance
FN:149,(anonymous_6)
FN:178,(anonymous_7)
FN:186,getSessionAttendance
FN:214,(anonymous_9)
FN:217,(anonymous_10)
FN:227,completeSession
FN:243,(anonymous_12)
FN:320,(anonymous_13)
FN:322,(anonymous_14)
FN:327,(anonymous_15)
FN:341,(anonymous_16)
FN:344,(anonymous_17)
FN:347,(anonymous_18)
FN:386,(anonymous_19)
FN:387,(anonymous_20)
FN:398,(anonymous_21)
FN:409,(anonymous_22)
FN:410,(anonymous_23)
FN:441,(anonymous_24)
FN:442,(anonymous_25)
FN:448,(anonymous_26)
FN:454,(anonymous_27)
FN:480,getSnapshot
FN:491,updateAttendance
FN:524,getGroupHistory
FN:545,generateWhatsAppLinks
FN:566,(anonymous_32)
FN:570,(anonymous_33)
FN:579,(anonymous_34)
FNF:35
FNH:15
FNDA:12,recordAttendance
FNDA:12,recordManualAttendance
FNDA:0,(anonymous_2)
FNDA:0,(anonymous_3)
FNDA:0,(anonymous_4)
FNDA:12,batchRecordAttendance
FNDA:2,(anonymous_6)
FNDA:0,(anonymous_7)
FNDA:12,getSessionAttendance
FNDA:1,(anonymous_9)
FNDA:0,(anonymous_10)
FNDA:12,completeSession
FNDA:0,(anonymous_12)
FNDA:0,(anonymous_13)
FNDA:0,(anonymous_14)
FNDA:0,(anonymous_15)
FNDA:1,(anonymous_16)
FNDA:0,(anonymous_17)
FNDA:0,(anonymous_18)
FNDA:0,(anonymous_19)
FNDA:0,(anonymous_20)
FNDA:1,(anonymous_21)
FNDA:0,(anonymous_22)
FNDA:0,(anonymous_23)
FNDA:1,(anonymous_24)
FNDA:1,(anonymous_25)
FNDA:0,(anonymous_26)
FNDA:0,(anonymous_27)
FNDA:12,getSnapshot
FNDA:12,updateAttendance
FNDA:12,getGroupHistory
FNDA:12,generateWhatsAppLinks
FNDA:0,(anonymous_32)
FNDA:0,(anonymous_33)
FNDA:0,(anonymous_34)
DA:18,12
DA:25,2
DA:26,2
DA:27,2
DA:28,0
DA:30,2
DA:31,0
DA:35,2
DA:36,0
DA:40,2
DA:41,2
DA:50,2
DA:54,1
DA:55,1
DA:57,1
DA:58,0
DA:61,1
DA:63,1
DA:68,1
DA:69,0
DA:74,1
DA:76,2
DA:86,1
DA:88,0
DA:89,0
DA:91,0
DA:97,0
DA:98,0
DA:100,0
DA:101,0
DA:102,0
DA:105,0
DA:112,0
DA:113,0
DA:119,0
DA:122,0
DA:124,0
DA:136,1
DA:137,1
DA:138,1
DA:139,0
DA:143,1
DA:144,0
DA:149,2
DA:160,1
DA:161,1
DA:163,1
DA:164,1
DA:165,1
DA:166,1
DA:167,1
DA:170,0
DA:171,0
DA:173,0
DA:177,1
DA:178,0
DA:182,1
DA:187,1
DA:188,1
DA:190,1
DA:191,1
DA:192,0
DA:193,0
DA:194,0
DA:195,0
DA:197,0
DA:204,1
DA:214,1
DA:217,1
DA:218,0
DA:219,0
DA:220,0
DA:223,1
DA:228,1
DA:229,1
DA:230,1
DA:231,0
DA:236,1
DA:242,1
DA:243,1
DA:246,1
DA:247,1
DA:248,1
DA:251,1
DA:252,1
DA:253,1
DA:255,1
DA:256,1
DA:258,1
DA:259,0
DA:269,1
DA:270,1
DA:271,1
DA:273,1
DA:274,0
DA:282,0
DA:283,0
DA:296,0
DA:297,0
DA:300,1
DA:306,1
DA:307,1
DA:320,1
DA:321,1
DA:322,0
DA:323,0
DA:327,0
DA:328,0
DA:329,0
DA:330,0
DA:331,0
DA:341,1
DA:343,1
DA:344,0
DA:346,1
DA:347,1
DA:351,1
DA:352,0
DA:360,1
DA:385,1
DA:386,0
DA:387,0
DA:389,1
DA:390,0
DA:398,1
DA:399,1
DA:400,1
DA:408,1
DA:409,0
DA:410,0
DA:412,1
DA:413,0
DA:420,1
DA:423,1
DA:437,1
DA:439,1
DA:441,1
DA:442,1
DA:446,1
DA:448,0
DA:449,1
DA:452,1
DA:454,0
DA:455,1
DA:456,1
DA:457,1
DA:459,1
DA:460,1
DA:461,1
DA:463,1
DA:476,1
DA:481,0
DA:482,0
DA:484,0
DA:485,0
DA:487,0
DA:492,1
DA:493,1
DA:496,1
DA:497,1
DA:498,1
DA:499,1
DA:500,0
DA:504,0
DA:505,0
DA:508,1
DA:509,0
DA:512,1
DA:525,0
DA:526,0
DA:527,0
DA:529,0
DA:538,0
DA:546,0
DA:553,0
DA:555,0
DA:556,0
DA:559,0
DA:565,0
DA:566,0
DA:570,0
DA:571,0
DA:572,0
DA:573,0
DA:574,0
DA:577,0
DA:579,0
DA:580,0
DA:581,0
DA:583,0
DA:584,0
DA:585,0
DA:586,0
DA:587,0
DA:592,0
DA:594,0
DA:599,0
DA:602,0
DA:603,0
DA:605,0
LF:200
LH:102
BRDA:26,0,0,0
BRDA:26,0,1,2
BRDA:27,1,0,0
BRDA:27,1,1,2
BRDA:30,2,0,0
BRDA:30,2,1,2
BRDA:35,3,0,0
BRDA:35,3,1,2
BRDA:40,4,0,2
BRDA:40,4,1,0
BRDA:41,5,0,0
BRDA:41,5,1,2
BRDA:50,6,0,1
BRDA:50,6,1,1
BRDA:55,7,0,0
BRDA:55,7,1,1
BRDA:57,8,0,0
BRDA:57,8,1,1
BRDA:68,9,0,0
BRDA:68,9,1,1
BRDA:84,10,0,0
BRDA:84,10,1,1
BRDA:88,11,0,0
BRDA:88,11,1,0
BRDA:98,12,0,0
BRDA:98,12,1,0
BRDA:126,13,0,0
BRDA:126,13,1,0
BRDA:128,14,0,0
BRDA:128,14,1,0
BRDA:137,15,0,0
BRDA:137,15,1,1
BRDA:138,16,0,0
BRDA:138,16,1,1
BRDA:143,17,0,0
BRDA:143,17,1,1
BRDA:153,18,0,2
BRDA:153,18,1,2
BRDA:170,19,0,0
BRDA:170,19,1,0
BRDA:170,20,0,0
BRDA:170,20,1,0
BRDA:171,21,0,0
BRDA:171,21,1,0
BRDA:177,22,0,0
BRDA:177,22,1,1
BRDA:188,23,0,0
BRDA:188,23,1,1
BRDA:191,24,0,0
BRDA:191,24,1,1
BRDA:208,25,0,0
BRDA:208,25,1,1
BRDA:218,26,0,0
BRDA:218,26,1,0
BRDA:219,27,0,0
BRDA:219,27,1,0
BRDA:229,28,0,0
BRDA:229,28,1,1
BRDA:230,29,0,0
BRDA:230,29,1,1
BRDA:258,30,0,0
BRDA:258,30,1,1
BRDA:258,31,0,1
BRDA:258,31,1,0
BRDA:269,32,0,1
BRDA:269,32,1,1
BRDA:270,33,0,1
BRDA:270,33,1,0
BRDA:271,34,0,1
BRDA:271,34,1,1
BRDA:273,35,0,0
BRDA:273,35,1,1
BRDA:282,36,0,0
BRDA:282,36,1,0
BRDA:288,37,0,0
BRDA:288,37,1,0
BRDA:289,38,0,0
BRDA:289,38,1,0
BRDA:296,39,0,0
BRDA:296,39,1,0
BRDA:306,40,0,1
BRDA:306,40,1,0
BRDA:312,41,0,1
BRDA:312,41,1,0
BRDA:321,42,0,0
BRDA:321,42,1,1
BRDA:330,43,0,0
BRDA:330,43,1,0
BRDA:343,44,0,0
BRDA:343,44,1,1
BRDA:346,45,0,1
BRDA:346,45,1,0
BRDA:351,46,0,0
BRDA:351,46,1,1
BRDA:389,47,0,0
BRDA:389,47,1,1
BRDA:399,48,0,1
BRDA:399,48,1,0
BRDA:412,49,0,0
BRDA:412,49,1,1
BRDA:425,50,0,1
BRDA:425,50,1,0
BRDA:437,51,0,1
BRDA:437,51,1,0
BRDA:449,52,0,1
BRDA:449,52,1,0
BRDA:455,53,0,1
BRDA:455,53,1,0
BRDA:457,54,0,0
BRDA:457,54,1,1
BRDA:461,55,0,0
BRDA:461,55,1,1
BRDA:482,56,0,0
BRDA:482,56,1,0
BRDA:485,57,0,0
BRDA:485,57,1,0
BRDA:493,58,0,0
BRDA:493,58,1,1
BRDA:496,59,0,1
BRDA:496,59,1,0
BRDA:498,60,0,0
BRDA:498,60,1,1
BRDA:499,61,0,0
BRDA:499,61,1,1
BRDA:505,62,0,0
BRDA:505,62,1,0
BRDA:508,63,0,0
BRDA:508,63,1,1
BRDA:517,64,0,1
BRDA:517,64,1,0
BRDA:524,65,0,0
BRDA:525,66,0,0
BRDA:525,66,1,0
BRDA:526,67,0,0
BRDA:526,67,1,0
BRDA:553,68,0,0
BRDA:553,68,1,0
BRDA:555,69,0,0
BRDA:555,69,1,0
BRDA:556,70,0,0
BRDA:556,70,1,0
BRDA:572,71,0,0
BRDA:572,71,1,0
BRDA:573,72,0,0
BRDA:573,72,1,0
BRDA:573,73,0,0
BRDA:573,73,1,0
BRDA:581,74,0,0
BRDA:581,74,1,0
BRDA:584,75,0,0
BRDA:584,75,1,0
BRDA:585,76,0,0
BRDA:585,76,1,0
BRDA:608,77,0,0
BRDA:608,77,1,0
BRF:155
BRH:52
end_of_record
TN:
SF:src\modules\authentication\auth.controller.ts
FN:15,(anonymous_0)
FN:24,(anonymous_1)
FN:35,(anonymous_2)
FN:70,(anonymous_3)
FN:98,(anonymous_4)
FN:141,(anonymous_5)
FN:173,(anonymous_6)
FNF:7
FNH:6
FNDA:10,(anonymous_0)
FNDA:4,(anonymous_1)
FNDA:2,(anonymous_2)
FNDA:3,(anonymous_3)
FNDA:0,(anonymous_4)
FNDA:4,(anonymous_5)
FNDA:5,(anonymous_6)
DA:13,12
DA:15,12
DA:16,10
DA:17,10
DA:18,6
DA:20,4
DA:24,12
DA:25,4
DA:26,4
DA:27,4
DA:28,2
DA:30,2
DA:35,12
DA:36,2
DA:37,2
DA:38,2
DA:39,2
DA:41,2
DA:44,2
DA:45,1
DA:46,1
DA:47,1
DA:48,1
DA:53,2
DA:54,2
DA:55,2
DA:61,2
DA:63,2
DA:65,0
DA:70,12
DA:71,3
DA:72,3
DA:73,3
DA:75,3
DA:76,2
DA:77,2
DA:80,2
DA:91,2
DA:93,1
DA:98,12
DA:99,0
DA:100,0
DA:101,0
DA:104,0
DA:106,0
DA:107,0
DA:110,0
DA:119,0
DA:120,0
DA:124,0
DA:125,0
DA:126,0
DA:127,0
DA:134,0
DA:136,0
DA:141,12
DA:142,4
DA:143,4
DA:144,4
DA:146,4
DA:147,1
DA:149,3
DA:150,1
DA:153,2
DA:159,2
DA:160,0
DA:164,2
DA:166,2
DA:168,2
DA:173,12
DA:174,5
DA:175,5
DA:176,5
DA:178,5
DA:179,1
DA:181,4
DA:182,1
DA:185,3
DA:186,3
DA:188,3
DA:189,3
DA:191,2
DA:192,2
DA:194,2
DA:196,3
LF:85
LH:68
BRDA:39,0,0,0
BRDA:39,0,1,2
BRDA:44,1,0,1
BRDA:44,1,1,1
BRDA:44,2,0,2
BRDA:44,2,1,1
BRDA:46,3,0,1
BRDA:46,3,1,0
BRDA:56,4,0,1
BRDA:56,4,1,1
BRDA:61,5,0,2
BRDA:61,5,1,2
BRDA:75,6,0,2
BRDA:75,6,1,1
BRDA:77,7,0,1
BRDA:77,7,1,1
BRDA:83,8,0,2
BRDA:83,8,1,1
BRDA:84,9,0,3
BRDA:84,9,1,0
BRDA:85,10,0,3
BRDA:85,10,1,1
BRDA:86,11,0,3
BRDA:86,11,1,0
BRDA:104,12,0,0
BRDA:104,12,1,0
BRDA:106,13,0,0
BRDA:106,13,1,0
BRDA:113,14,0,0
BRDA:113,14,1,0
BRDA:114,15,0,0
BRDA:114,15,1,0
BRDA:119,16,0,0
BRDA:119,16,1,0
BRDA:125,17,0,0
BRDA:125,17,1,0
BRDA:146,18,0,1
BRDA:146,18,1,3
BRDA:149,19,0,1
BRDA:149,19,1,2
BRDA:159,20,0,0
BRDA:159,20,1,2
BRDA:166,21,0,1
BRDA:166,21,1,1
BRDA:178,22,0,1
BRDA:178,22,1,4
BRDA:178,23,0,5
BRDA:178,23,1,5
BRDA:181,24,0,1
BRDA:181,24,1,3
BRDA:186,25,0,0
BRDA:186,25,1,3
BRDA:189,26,0,1
BRDA:189,26,1,2
BRF:54
BRH:36
end_of_record
TN:
SF:src\modules\authentication\auth.service.ts
FN:9,(anonymous_0)
FN:98,(anonymous_1)
FNF:2
FNH:2
FNDA:10,(anonymous_0)
FNDA:4,(anonymous_1)
DA:9,12
DA:10,10
DA:13,10
DA:14,10
DA:16,1
DA:19,9
DA:20,9
DA:21,1
DA:26,1
DA:29,8
DA:30,1
DA:34,7
DA:35,1
DA:36,1
DA:37,1
DA:39,1
DA:40,1
DA:41,1
DA:42,1
DA:45,1
DA:46,1
DA:50,6
DA:57,10
DA:58,10
DA:61,10
DA:62,10
DA:65,10
DA:66,0
DA:67,0
DA:68,0
DA:69,0
DA:74,6
DA:75,6
DA:76,6
DA:82,6
DA:84,10
DA:90,10
DA:98,12
DA:99,4
DA:100,1
DA:103,3
DA:104,3
DA:107,3
DA:108,3
DA:109,3
DA:111,3
DA:112,3
DA:114,3
DA:119,1
LF:49
LH:45
BRDA:14,0,0,1
BRDA:14,0,1,9
BRDA:20,1,0,1
BRDA:20,1,1,8
BRDA:22,2,0,1
BRDA:22,2,1,1
BRDA:29,3,0,1
BRDA:29,3,1,7
BRDA:34,4,0,1
BRDA:34,4,1,6
BRDA:34,5,0,7
BRDA:34,5,1,1
BRDA:39,6,0,1
BRDA:39,6,1,0
BRDA:41,7,0,1
BRDA:41,7,1,0
BRDA:45,8,0,1
BRDA:45,8,1,0
BRDA:53,9,0,0
BRDA:53,9,1,6
BRDA:65,10,0,0
BRDA:65,10,1,10
BRDA:65,11,0,10
BRDA:65,11,1,0
BRDA:67,12,0,0
BRDA:67,12,1,0
BRDA:77,13,0,6
BRDA:77,13,1,0
BRDA:82,14,0,6
BRDA:82,14,1,6
BRDA:85,15,0,10
BRDA:85,15,1,6
BRDA:99,16,0,1
BRDA:99,16,1,3
BRF:34
BRH:25
end_of_record
TN:
SF:src\modules\exams\ai-exam.service.ts
FN:25,buildPrompt
FN:31,(anonymous_1)
FN:72,generateFromPDF
FN:163,(anonymous_3)
FN:169,(anonymous_4)
FNF:5
FNH:1
FNDA:0,buildPrompt
FNDA:0,(anonymous_1)
FNDA:12,generateFromPDF
FNDA:0,(anonymous_3)
FNDA:0,(anonymous_4)
DA:4,12
DA:5,12
DA:8,12
DA:26,0
DA:31,0
DA:33,0
DA:84,0
DA:85,0
DA:90,0
DA:96,0
DA:97,0
DA:103,0
DA:104,0
DA:105,0
DA:106,0
DA:110,0
DA:111,0
DA:113,0
DA:115,0
DA:132,0
DA:136,0
DA:137,0
DA:138,0
DA:140,0
DA:143,0
DA:144,0
DA:148,0
DA:163,0
DA:169,0
DA:172,0
DA:183,0
LF:31
LH:3
BRDA:8,0,0,12
BRDA:8,0,1,0
BRDA:10,1,0,0
BRDA:10,1,1,0
BRDA:46,2,0,0
BRDA:46,2,1,0
BRDA:57,3,0,0
BRDA:57,3,1,0
BRDA:84,4,0,0
BRDA:84,4,1,0
BRDA:96,5,0,0
BRDA:96,5,1,0
BRDA:96,6,0,0
BRDA:96,6,1,0
BRDA:105,7,0,0
BRDA:105,7,1,0
BRDA:105,8,0,0
BRDA:105,8,1,0
BRDA:111,9,0,0
BRDA:111,9,1,0
BRDA:132,10,0,0
BRDA:132,10,1,0
BRDA:143,11,0,0
BRDA:143,11,1,0
BRDA:143,12,0,0
BRDA:143,12,1,0
BRDA:165,13,0,0
BRDA:165,13,1,0
BRDA:165,13,2,0
BRDA:169,14,0,0
BRDA:169,14,1,0
BRDA:179,15,0,0
BRDA:179,15,1,0
BRDA:180,16,0,0
BRDA:180,16,1,0
BRF:35
BRH:1
end_of_record
TN:
SF:src\modules\exams\exam-pdf.service.ts
FN:7,generateExamHtml
FN:18,(anonymous_1)
FN:19,(anonymous_2)
FN:20,(anonymous_3)
FN:24,(anonymous_4)
FN:32,(anonymous_5)
FN:48,(anonymous_6)
FNF:7
FNH:1
FNDA:12,generateExamHtml
FNDA:0,(anonymous_1)
FNDA:0,(anonymous_2)
FNDA:0,(anonymous_3)
FNDA:0,(anonymous_4)
FNDA:0,(anonymous_5)
FNDA:0,(anonymous_6)
DA:8,0
DA:9,0
DA:10,0
DA:13,0
DA:14,0
DA:15,0
DA:18,0
DA:19,0
DA:20,0
DA:22,0
DA:24,0
DA:25,0
DA:27,0
DA:33,0
DA:34,0
DA:37,0
DA:38,0
DA:40,0
DA:41,0
DA:42,0
DA:43,0
DA:45,0
DA:46,0
DA:48,0
DA:56,0
DA:57,0
DA:63,0
DA:64,0
DA:67,0
DA:82,0
DA:86,0
DA:341,0
LF:32
LH:0
BRDA:9,0,0,0
BRDA:9,0,1,0
BRDA:14,1,0,0
BRDA:14,1,1,0
BRDA:25,2,0,0
BRDA:25,2,1,0
BRDA:37,3,0,0
BRDA:37,3,1,0
BRDA:37,4,0,0
BRDA:37,4,1,0
BRDA:38,5,0,0
BRDA:38,5,1,0
BRDA:42,6,0,0
BRDA:42,6,1,0
BRDA:43,7,0,0
BRDA:43,7,1,0
BRDA:45,8,0,0
BRDA:45,8,1,0
BRDA:45,9,0,0
BRDA:45,9,1,0
BRDA:50,10,0,0
BRDA:50,10,1,0
BRDA:56,11,0,0
BRDA:56,11,1,0
BRDA:63,12,0,0
BRDA:63,12,1,0
BRDA:69,13,0,0
BRDA:69,13,1,0
BRDA:71,14,0,0
BRDA:71,14,1,0
BRDA:71,15,0,0
BRDA:71,15,1,0
BRDA:324,16,0,0
BRDA:324,16,1,0
BRF:34
BRH:0
end_of_record
TN:
SF:src\modules\exams\exams.controller.ts
FN:23,(anonymous_0)
FN:35,(anonymous_1)
FN:48,(anonymous_2)
FN:61,(anonymous_3)
FN:74,(anonymous_4)
FN:88,(anonymous_5)
FN:101,(anonymous_6)
FN:114,(anonymous_7)
FN:130,(anonymous_8)
FN:150,(anonymous_9)
FN:168,(anonymous_10)
FN:184,(anonymous_11)
FN:236,(anonymous_12)
FNF:13
FNH:7
FNDA:12,(anonymous_0)
FNDA:6,(anonymous_1)
FNDA:1,(anonymous_2)
FNDA:1,(anonymous_3)
FNDA:0,(anonymous_4)
FNDA:0,(anonymous_5)
FNDA:2,(anonymous_6)
FNDA:1,(anonymous_7)
FNDA:1,(anonymous_8)
FNDA:0,(anonymous_9)
FNDA:0,(anonymous_10)
FNDA:0,(anonymous_11)
FNDA:0,(anonymous_12)
DA:17,12
DA:18,12
DA:21,12
DA:23,12
DA:24,12
DA:25,12
DA:31,12
DA:36,6
DA:37,6
DA:38,6
DA:39,6
DA:40,0
DA:45,12
DA:49,1
DA:50,1
DA:51,1
DA:52,1
DA:53,0
DA:58,12
DA:62,1
DA:63,1
DA:64,1
DA:65,1
DA:66,0
DA:71,12
DA:75,0
DA:76,0
DA:77,0
DA:78,0
DA:79,0
DA:80,0
DA:85,12
DA:89,0
DA:90,0
DA:91,0
DA:92,0
DA:93,0
DA:98,12
DA:102,2
DA:103,2
DA:104,2
DA:105,2
DA:106,0
DA:111,12
DA:115,1
DA:116,1
DA:117,1
DA:118,1
DA:119,0
DA:126,12
DA:131,1
DA:132,1
DA:133,1
DA:134,1
DA:135,1
DA:140,1
DA:141,0
DA:146,12
DA:151,0
DA:152,0
DA:153,0
DA:154,0
DA:155,0
DA:159,0
DA:160,0
DA:165,12
DA:169,0
DA:170,0
DA:171,0
DA:172,0
DA:173,0
DA:180,12
DA:185,0
DA:186,0
DA:187,0
DA:188,0
DA:194,0
DA:196,0
DA:200,0
DA:217,0
DA:218,0
DA:230,12
DA:231,12
DA:233,12
DA:237,0
DA:238,0
DA:239,0
DA:240,0
DA:243,0
DA:244,0
DA:245,0
DA:248,0
DA:250,0
DA:264,0
DA:265,0
DA:268,0
DA:269,0
DA:273,0
DA:274,0
DA:279,0
DA:280,0
LF:101
LH:46
BRDA:24,0,0,0
BRDA:24,0,1,12
BRDA:25,1,0,0
BRDA:25,1,1,12
BRDA:25,2,0,0
BRDA:25,2,1,0
BRDA:133,3,0,0
BRDA:133,3,1,1
BRDA:153,4,0,0
BRDA:153,4,1,0
BRDA:187,5,0,0
BRDA:187,5,1,0
BRDA:196,6,0,0
BRDA:196,6,1,0
BRDA:198,7,0,0
BRDA:198,7,1,0
BRDA:207,8,0,0
BRDA:207,8,1,0
BRDA:208,9,0,0
BRDA:208,9,1,0
BRDA:208,10,0,0
BRDA:208,10,1,0
BRDA:211,11,0,0
BRDA:211,11,1,0
BRDA:212,12,0,0
BRDA:212,12,1,0
BRDA:214,13,0,0
BRDA:214,13,1,0
BRDA:239,14,0,0
BRDA:239,14,1,0
BRDA:244,15,0,0
BRDA:244,15,1,0
BRDA:244,16,0,0
BRDA:244,16,1,0
BRDA:264,17,0,0
BRDA:264,17,1,0
BRDA:268,18,0,0
BRDA:268,18,1,0
BRDA:273,19,0,0
BRDA:273,19,1,0
BRDA:273,20,0,0
BRDA:273,20,1,0
BRDA:279,21,0,0
BRDA:279,21,1,0
BRF:44
BRH:3
end_of_record
TN:
SF:src\modules\exams\exams.service.ts
FN:11,computeGrade
FN:23,createExam
FN:48,getExams
FN:65,getExamById
FN:72,updateExam
FN:90,publishExam
FN:102,deleteExam
FN:109,recordResult
FN:156,batchRecordResults
FN:164,(anonymous_9)
FN:171,(anonymous_10)
FN:173,(anonymous_11)
FN:198,(anonymous_12)
FN:229,getExamResults
FN:236,(anonymous_14)
FN:241,(anonymous_15)
FN:243,(anonymous_16)
FN:248,(anonymous_17)
FN:261,getStudentExamHistory
FNF:19
FNH:11
FNDA:1,computeGrade
FNDA:12,createExam
FNDA:12,getExams
FNDA:12,getExamById
FNDA:12,updateExam
FNDA:12,publishExam
FNDA:12,deleteExam
FNDA:12,recordResult
FNDA:12,batchRecordResults
FNDA:0,(anonymous_9)
FNDA:0,(anonymous_10)
FNDA:0,(anonymous_11)
FNDA:0,(anonymous_12)
FNDA:12,getExamResults
FNDA:0,(anonymous_14)
FNDA:0,(anonymous_15)
FNDA:0,(anonymous_16)
FNDA:0,(anonymous_17)
FNDA:12,getStudentExamHistory
DA:12,1
DA:13,1
DA:14,0
DA:15,0
DA:16,0
DA:17,0
DA:33,6
DA:49,1
DA:50,1
DA:51,1
DA:53,1
DA:54,1
DA:55,1
DA:57,1
DA:61,1
DA:66,1
DA:67,1
DA:68,1
DA:76,0
DA:77,0
DA:78,0
DA:79,0
DA:82,0
DA:91,2
DA:92,2
DA:94,2
DA:103,1
DA:104,1
DA:105,1
DA:114,1
DA:115,1
DA:116,1
DA:118,1
DA:119,0
DA:123,1
DA:127,1
DA:129,1
DA:130,1
DA:131,1
DA:133,1
DA:134,1
DA:150,0
DA:151,0
DA:160,0
DA:161,0
DA:162,0
DA:164,0
DA:166,0
DA:171,0
DA:173,0
DA:174,0
DA:175,0
DA:176,0
DA:177,0
DA:178,0
DA:195,0
DA:198,0
DA:199,0
DA:200,0
DA:201,0
DA:203,0
DA:204,0
DA:205,0
DA:206,0
DA:207,0
DA:209,0
DA:225,0
DA:230,0
DA:231,0
DA:233,0
DA:236,0
DA:237,0
DA:241,0
DA:243,0
DA:248,0
DA:250,0
DA:262,0
LF:77
LH:31
BRDA:12,0,0,0
BRDA:12,0,1,1
BRDA:13,1,0,1
BRDA:13,1,1,0
BRDA:14,2,0,0
BRDA:14,2,1,0
BRDA:15,3,0,0
BRDA:15,3,1,0
BRDA:16,4,0,0
BRDA:16,4,1,0
BRDA:39,5,0,6
BRDA:39,5,1,5
BRDA:41,6,0,6
BRDA:41,6,1,6
BRDA:42,7,0,6
BRDA:42,7,1,0
BRDA:43,8,0,0
BRDA:43,8,1,6
BRDA:48,9,0,1
BRDA:50,10,0,0
BRDA:50,10,1,1
BRDA:51,11,0,0
BRDA:51,11,1,1
BRDA:53,12,0,1
BRDA:53,12,1,1
BRDA:54,13,0,1
BRDA:54,13,1,1
BRDA:67,14,0,0
BRDA:67,14,1,1
BRDA:77,15,0,0
BRDA:77,15,1,0
BRDA:78,16,0,0
BRDA:78,16,1,0
BRDA:92,17,0,0
BRDA:92,17,1,2
BRDA:104,18,0,0
BRDA:104,18,1,1
BRDA:115,19,0,0
BRDA:115,19,1,1
BRDA:116,20,0,0
BRDA:116,20,1,1
BRDA:118,21,0,0
BRDA:118,21,1,1
BRDA:127,22,0,0
BRDA:127,22,1,1
BRDA:150,23,0,0
BRDA:150,23,1,0
BRDA:161,24,0,0
BRDA:161,24,1,0
BRDA:162,25,0,0
BRDA:162,25,1,0
BRDA:175,26,0,0
BRDA:175,26,1,0
BRDA:199,27,0,0
BRDA:199,27,1,0
BRDA:201,28,0,0
BRDA:201,28,1,0
BRDA:204,29,0,0
BRDA:204,29,1,0
BRDA:207,30,0,0
BRDA:207,30,1,0
BRDA:231,31,0,0
BRDA:231,31,1,0
BRDA:245,32,0,0
BRDA:245,32,1,0
BRDA:255,33,0,0
BRDA:255,33,1,0
BRF:67
BRH:22
end_of_record
TN:
SF:src\modules\groups\groups.controller.ts
FN:15,extractTeacherId
FN:21,createGroup
FN:32,getGroups
FN:43,getGroupById
FN:54,updateGroup
FN:65,deleteGroup
FNF:6
FNH:6
FNDA:12,extractTeacherId
FNDA:12,createGroup
FNDA:12,getGroups
FNDA:12,getGroupById
FNDA:12,updateGroup
FNDA:12,deleteGroup
DA:16,11
DA:17,2
DA:18,0
DA:22,2
DA:23,2
DA:24,2
DA:25,2
DA:26,2
DA:28,0
DA:33,3
DA:34,3
DA:35,3
DA:36,3
DA:37,3
DA:39,0
DA:44,2
DA:45,2
DA:46,2
DA:47,2
DA:48,1
DA:50,1
DA:55,2
DA:56,2
DA:57,2
DA:58,2
DA:59,1
DA:61,1
DA:66,2
DA:67,2
DA:68,2
DA:69,2
DA:70,1
DA:72,1
DA:77,12
DA:78,12
DA:86,12
DA:87,12
DA:88,12
DA:90,12
DA:91,12
LF:40
LH:37
BRDA:16,0,0,9
BRDA:16,0,1,2
BRDA:17,1,0,2
BRDA:17,1,1,0
BRDA:17,2,0,2
BRDA:17,2,1,2
BRF:6
BRH:5
end_of_record
TN:
SF:src\modules\groups\groups.service.ts
FN:12,createGroup
FN:18,(anonymous_1)
FN:39,getGroupsByTeacherId
FN:66,(anonymous_3)
FN:73,(anonymous_4)
FN:75,(anonymous_5)
FN:98,getGroupById
FN:105,updateGroup
FN:121,deleteGroup
FNF:9
FNH:8
FNDA:12,createGroup
FNDA:2,(anonymous_1)
FNDA:12,getGroupsByTeacherId
FNDA:5,(anonymous_3)
FNDA:0,(anonymous_4)
FNDA:5,(anonymous_5)
FNDA:12,getGroupById
FNDA:12,updateGroup
FNDA:12,deleteGroup
DA:14,2
DA:15,2
DA:17,2
DA:18,2
DA:19,2
DA:20,0
DA:24,2
DA:33,2
DA:35,2
DA:40,3
DA:41,3
DA:42,3
DA:45,3
DA:46,3
DA:48,3
DA:49,2
DA:50,2
DA:53,3
DA:54,3
DA:56,3
DA:66,5
DA:67,3
DA:73,3
DA:75,5
DA:80,3
DA:90,3
DA:91,2
DA:94,3
DA:99,2
DA:100,2
DA:101,1
DA:106,2
DA:112,2
DA:115,1
DA:117,1
DA:122,2
DA:123,2
DA:125,1
DA:126,1
DA:127,0
DA:130,1
DA:133,1
DA:135,1
LF:43
LH:41
BRDA:15,0,0,0
BRDA:15,0,1,2
BRDA:17,1,0,2
BRDA:17,1,1,0
BRDA:17,2,0,2
BRDA:17,2,1,2
BRDA:18,3,0,2
BRDA:18,3,1,0
BRDA:19,4,0,0
BRDA:19,4,1,2
BRDA:29,5,0,2
BRDA:29,5,1,0
BRDA:39,6,0,3
BRDA:40,7,0,3
BRDA:40,7,1,2
BRDA:41,8,0,3
BRDA:41,8,1,2
BRDA:46,9,0,3
BRDA:46,9,1,3
BRDA:46,9,2,2
BRDA:48,10,0,2
BRDA:48,10,1,1
BRDA:50,11,0,0
BRDA:50,11,1,2
BRDA:54,12,0,0
BRDA:54,12,1,3
BRDA:67,13,0,3
BRDA:67,13,1,0
BRDA:77,14,0,5
BRDA:77,14,1,5
BRDA:90,15,0,2
BRDA:90,15,1,1
BRDA:100,16,0,1
BRDA:100,16,1,1
BRDA:112,17,0,1
BRDA:112,17,1,1
BRDA:123,18,0,1
BRDA:123,18,1,1
BRDA:126,19,0,0
BRDA:126,19,1,1
BRF:40
BRH:31
end_of_record
TN:
SF:src\modules\notebooks\notebooks.controller.ts
FN:15,(anonymous_0)
FN:23,(anonymous_1)
FN:36,(anonymous_2)
FN:49,(anonymous_3)
FN:62,(anonymous_4)
FN:76,(anonymous_5)
FN:90,(anonymous_6)
FN:107,(anonymous_7)
FNF:8
FNH:7
FNDA:7,(anonymous_0)
FNDA:2,(anonymous_1)
FNDA:1,(anonymous_2)
FNDA:0,(anonymous_3)
FNDA:1,(anonymous_4)
FNDA:1,(anonymous_5)
FNDA:1,(anonymous_6)
FNDA:1,(anonymous_7)
DA:11,12
DA:13,12
DA:15,12
DA:16,7
DA:19,12
DA:24,2
DA:25,2
DA:26,2
DA:27,2
DA:28,0
DA:33,12
DA:37,1
DA:38,1
DA:39,1
DA:40,1
DA:41,0
DA:46,12
DA:50,0
DA:51,0
DA:52,0
DA:53,0
DA:54,0
DA:59,12
DA:63,1
DA:64,1
DA:65,1
DA:66,1
DA:67,0
DA:72,12
DA:77,1
DA:78,1
DA:79,1
DA:80,1
DA:81,0
DA:86,12
DA:91,1
DA:92,1
DA:93,1
DA:98,1
DA:99,0
DA:104,12
DA:108,1
DA:109,1
DA:110,1
DA:111,1
DA:112,0
LF:46
LH:35
BRDA:16,0,0,1
BRDA:16,0,1,6
BRF:2
BRH:2
end_of_record
TN:
SF:src\modules\notebooks\notebooks.service.ts
FN:23,createNotebook
FN:35,getNotebooks
FN:52,getNotebookById
FN:59,updateNotebook
FN:70,addStock
FN:82,decrementStock
FN:96,deleteNotebook
FN:103,getReservations
FNF:8
FNH:8
FNDA:12,createNotebook
FNDA:12,getNotebooks
FNDA:12,getNotebookById
FNDA:12,updateNotebook
FNDA:12,addStock
FNDA:12,decrementStock
FNDA:12,deleteNotebook
FNDA:12,getReservations
DA:24,2
DA:25,2
DA:27,0
DA:28,0
DA:30,0
DA:36,1
DA:37,1
DA:39,1
DA:40,1
DA:41,1
DA:43,1
DA:48,1
DA:53,1
DA:54,1
DA:55,1
DA:60,1
DA:65,1
DA:66,1
DA:71,1
DA:72,1
DA:77,1
DA:78,1
DA:83,0
DA:84,0
DA:85,0
DA:86,0
DA:88,0
DA:97,1
DA:98,1
DA:99,1
DA:104,0
DA:105,0
DA:106,0
DA:107,0
DA:109,0
DA:110,0
DA:111,0
DA:113,0
DA:124,0
LF:39
LH:22
BRDA:25,0,0,2
BRDA:25,0,1,0
BRDA:27,1,0,0
BRDA:27,1,1,0
BRDA:35,2,0,1
BRDA:37,3,0,0
BRDA:37,3,1,1
BRDA:39,4,0,1
BRDA:39,4,1,1
BRDA:40,5,0,1
BRDA:40,5,1,1
BRDA:54,6,0,0
BRDA:54,6,1,1
BRDA:65,7,0,0
BRDA:65,7,1,1
BRDA:71,8,0,0
BRDA:71,8,1,1
BRDA:77,9,0,0
BRDA:77,9,1,1
BRDA:82,10,0,0
BRDA:84,11,0,0
BRDA:84,11,1,0
BRDA:85,12,0,0
BRDA:85,12,1,0
BRDA:98,13,0,0
BRDA:98,13,1,1
BRDA:103,14,0,0
BRDA:105,15,0,0
BRDA:105,15,1,0
BRDA:106,16,0,0
BRDA:106,16,1,0
BRDA:107,17,0,0
BRDA:107,17,1,0
BRDA:109,18,0,0
BRDA:109,18,1,0
BRDA:110,19,0,0
BRDA:110,19,1,0
BRF:37
BRH:12
end_of_record
TN:
SF:src\modules\payments\payments.controller.ts
FN:16,(anonymous_0)
FN:28,(anonymous_1)
FN:41,(anonymous_2)
FN:59,(anonymous_3)
FN:74,(anonymous_4)
FN:89,(anonymous_5)
FN:104,(anonymous_6)
FN:119,(anonymous_7)
FN:134,(anonymous_8)
FN:153,(anonymous_9)
FN:176,(anonymous_10)
FN:191,(anonymous_11)
FN:205,(anonymous_12)
FN:216,(anonymous_13)
FN:233,(anonymous_14)
FN:251,(anonymous_15)
FN:261,(anonymous_16)
FNF:17
FNH:7
FNDA:5,(anonymous_0)
FNDA:3,(anonymous_1)
FNDA:2,(anonymous_2)
FNDA:1,(anonymous_3)
FNDA:0,(anonymous_4)
FNDA:1,(anonymous_5)
FNDA:0,(anonymous_6)
FNDA:0,(anonymous_7)
FNDA:0,(anonymous_8)
FNDA:2,(anonymous_9)
FNDA:1,(anonymous_10)
FNDA:0,(anonymous_11)
FNDA:0,(anonymous_12)
FNDA:0,(anonymous_13)
FNDA:0,(anonymous_14)
FNDA:0,(anonymous_15)
FNDA:0,(anonymous_16)
DA:12,12
DA:14,12
DA:16,12
DA:17,5
DA:24,12
DA:29,3
DA:30,3
DA:31,3
DA:32,3
DA:33,0
DA:38,12
DA:42,2
DA:43,2
DA:44,2
DA:45,1
DA:46,1
DA:55,12
DA:60,1
DA:61,1
DA:62,1
DA:63,1
DA:64,1
DA:65,0
DA:70,12
DA:75,0
DA:76,0
DA:77,0
DA:78,0
DA:79,0
DA:80,0
DA:85,12
DA:90,1
DA:91,1
DA:92,1
DA:93,1
DA:94,1
DA:95,0
DA:100,12
DA:105,0
DA:106,0
DA:107,0
DA:108,0
DA:109,0
DA:110,0
DA:115,12
DA:120,0
DA:121,0
DA:122,0
DA:123,0
DA:124,0
DA:125,0
DA:130,12
DA:135,0
DA:136,0
DA:137,0
DA:138,0
DA:139,0
DA:140,0
DA:149,12
DA:154,2
DA:155,2
DA:156,2
DA:157,2
DA:163,2
DA:164,0
DA:173,12
DA:177,1
DA:178,1
DA:179,1
DA:180,1
DA:181,1
DA:182,1
DA:183,0
DA:188,12
DA:192,0
DA:193,0
DA:194,0
DA:195,0
DA:196,0
DA:197,0
DA:198,0
DA:199,0
DA:204,12
DA:207,0
DA:208,0
DA:209,0
DA:210,0
DA:212,0
DA:213,0
DA:217,0
DA:218,0
DA:219,0
DA:220,0
DA:221,0
DA:230,12
DA:234,0
DA:235,0
DA:236,0
DA:237,0
DA:238,0
DA:240,0
DA:241,0
DA:242,0
DA:250,12
DA:253,0
DA:254,0
DA:255,0
DA:256,0
DA:258,0
DA:259,0
DA:262,0
DA:263,0
DA:264,0
DA:265,0
DA:266,0
LF:115
LH:48
BRDA:17,0,0,3
BRDA:17,0,1,2
BRDA:180,1,0,1
BRDA:180,1,1,1
BRDA:195,2,0,0
BRDA:195,2,1,0
BRDA:196,3,0,0
BRDA:196,3,1,0
BRDA:209,4,0,0
BRDA:209,4,1,0
BRDA:209,5,0,0
BRDA:209,5,1,0
BRDA:237,6,0,0
BRDA:237,6,1,0
BRDA:237,7,0,0
BRDA:237,7,1,0
BRDA:237,7,2,0
BRDA:255,8,0,0
BRDA:255,8,1,0
BRDA:255,9,0,0
BRDA:255,9,1,0
BRF:21
BRH:4
end_of_record
TN:
SF:src\modules\payments\payments.service.ts
FN:26,updateDailyLedger
FN:53,updateMonthlyLedger
FN:112,upsertPriceSettings
FN:127,getPriceSettings
FN:141,recordSubscription
FN:157,(anonymous_5)
FN:197,(anonymous_6)
FN:261,recordBatchSubscription
FN:285,(anonymous_8)
FN:287,(anonymous_9)
FN:289,(anonymous_10)
FN:306,(anonymous_11)
FN:322,(anonymous_12)
FN:346,(anonymous_13)
FN:348,(anonymous_14)
FN:366,(anonymous_15)
FN:375,(anonymous_16)
FN:376,(anonymous_17)
FN:455,(anonymous_18)
FN:456,(anonymous_19)
FN:456,(anonymous_20)
FN:467,recordNotebookSale
FN:498,(anonymous_22)
FN:541,reserveNotebook
FN:561,(anonymous_24)
FN:616,deliverNotebook
FN:643,(anonymous_26)
FN:697,recordExpense
FN:714,(anonymous_28)
FN:757,getDailyLedger
FN:778,getMonthlyLedger
FN:788,updateTransaction
FN:803,(anonymous_32)
FN:873,recordCenterDeduction
FN:880,(anonymous_34)
FN:912,payDebt
FN:928,(anonymous_36)
FN:974,deleteTransaction
FN:985,(anonymous_38)
FNF:39
FNH:20
FNDA:5,updateDailyLedger
FNDA:5,updateMonthlyLedger
FNDA:12,upsertPriceSettings
FNDA:12,getPriceSettings
FNDA:12,recordSubscription
FNDA:1,(anonymous_5)
FNDA:1,(anonymous_6)
FNDA:12,recordBatchSubscription
FNDA:0,(anonymous_8)
FNDA:0,(anonymous_9)
FNDA:0,(anonymous_10)
FNDA:0,(anonymous_11)
FNDA:0,(anonymous_12)
FNDA:0,(anonymous_13)
FNDA:0,(anonymous_14)
FNDA:0,(anonymous_15)
FNDA:0,(anonymous_16)
FNDA:0,(anonymous_17)
FNDA:0,(anonymous_18)
FNDA:0,(anonymous_19)
FNDA:0,(anonymous_20)
FNDA:12,recordNotebookSale
FNDA:1,(anonymous_22)
FNDA:12,reserveNotebook
FNDA:0,(anonymous_24)
FNDA:12,deliverNotebook
FNDA:0,(anonymous_26)
FNDA:12,recordExpense
FNDA:3,(anonymous_28)
FNDA:12,getDailyLedger
FNDA:12,getMonthlyLedger
FNDA:12,updateTransaction
FNDA:0,(anonymous_32)
FNDA:12,recordCenterDeduction
FNDA:0,(anonymous_34)
FNDA:12,payDebt
FNDA:0,(anonymous_36)
FNDA:12,deleteTransaction
FNDA:0,(anonymous_38)
DA:23,12
DA:33,5
DA:34,5
DA:35,5
DA:37,5
DA:60,5
DA:61,5
DA:62,5
DA:63,5
DA:65,5
DA:72,5
DA:86,5
DA:89,5
DA:113,3
DA:123,3
DA:124,3
DA:129,2
DA:130,2
DA:131,2
DA:133,2
DA:134,2
DA:136,1
DA:137,1
DA:147,1
DA:150,1
DA:151,1
DA:152,0
DA:156,1
DA:157,1
DA:158,1
DA:159,0
DA:162,1
DA:163,1
DA:164,1
DA:165,1
DA:166,1
DA:167,1
DA:169,1
DA:170,1
DA:173,1
DA:174,1
DA:175,1
DA:177,1
DA:178,1
DA:179,1
DA:180,1
DA:182,1
DA:188,1
DA:189,0
DA:193,1
DA:194,1
DA:197,1
DA:198,1
DA:214,1
DA:228,1
DA:229,1
DA:230,0
DA:233,1
DA:234,0
DA:239,1
DA:244,1
DA:248,1
DA:255,1
DA:257,1
DA:266,0
DA:267,0
DA:270,0
DA:271,0
DA:272,0
DA:275,0
DA:276,0
DA:278,0
DA:281,0
DA:285,0
DA:287,0
DA:288,0
DA:289,0
DA:291,0
DA:292,0
DA:293,0
DA:295,0
DA:296,0
DA:297,0
DA:298,0
DA:301,0
DA:306,0
DA:308,0
DA:310,0
DA:311,0
DA:312,0
DA:313,0
DA:314,0
DA:317,0
DA:318,0
DA:319,0
DA:322,0
DA:323,0
DA:324,0
DA:325,0
DA:328,0
DA:329,0
DA:331,0
DA:332,0
DA:334,0
DA:343,0
DA:344,0
DA:346,0
DA:348,0
DA:363,0
DA:366,0
DA:372,0
DA:375,0
DA:376,0
DA:386,0
DA:389,0
DA:402,0
DA:403,0
DA:405,0
DA:410,0
DA:423,0
DA:424,0
DA:444,0
DA:445,0
DA:449,0
DA:450,0
DA:455,0
DA:456,0
DA:459,0
DA:461,0
DA:472,1
DA:473,1
DA:474,1
DA:475,0
DA:479,1
DA:480,1
DA:482,1
DA:483,1
DA:484,0
DA:487,1
DA:488,1
DA:489,1
DA:490,1
DA:491,1
DA:492,1
DA:494,1
DA:495,1
DA:498,1
DA:499,1
DA:514,1
DA:528,1
DA:529,0
DA:534,1
DA:537,1
DA:546,0
DA:547,0
DA:548,0
DA:550,0
DA:551,0
DA:553,0
DA:554,0
DA:555,0
DA:556,0
DA:558,0
DA:561,0
DA:563,0
DA:573,0
DA:579,0
DA:580,0
DA:594,0
DA:608,0
DA:609,0
DA:612,0
DA:622,0
DA:626,0
DA:627,0
DA:629,0
DA:630,0
DA:632,0
DA:633,0
DA:636,0
DA:637,0
DA:638,0
DA:640,0
DA:643,0
DA:645,0
DA:646,0
DA:647,0
DA:648,0
DA:650,0
DA:661,0
DA:662,0
DA:676,0
DA:690,0
DA:693,0
DA:702,3
DA:707,3
DA:708,0
DA:711,3
DA:714,3
DA:715,3
DA:727,3
DA:740,3
DA:744,3
DA:751,3
DA:753,3
DA:758,1
DA:759,1
DA:760,1
DA:761,1
DA:763,1
DA:768,1
DA:770,1
DA:779,0
DA:780,0
DA:781,0
DA:793,0
DA:794,0
DA:796,0
DA:797,0
DA:798,0
DA:799,0
DA:800,0
DA:803,0
DA:804,0
DA:811,0
DA:812,0
DA:813,0
DA:814,0
DA:815,0
DA:816,0
DA:817,0
DA:819,0
DA:856,0
DA:860,0
DA:861,0
DA:864,0
DA:877,0
DA:878,0
DA:880,0
DA:881,0
DA:893,0
DA:906,0
DA:907,0
DA:917,0
DA:918,0
DA:919,0
DA:920,0
DA:922,0
DA:923,0
DA:926,0
DA:928,0
DA:929,0
DA:944,0
DA:957,0
DA:961,0
DA:964,0
DA:965,0
DA:975,0
DA:976,0
DA:978,0
DA:979,0
DA:980,0
DA:981,0
DA:982,0
DA:983,0
DA:985,0
DA:987,0
DA:990,0
DA:1004,0
DA:1021,0
DA:1022,0
DA:1036,0
DA:1037,0
DA:1045,0
DA:1046,0
DA:1054,0
DA:1055,0
DA:1064,0
DA:1066,0
LF:279
LH:97
BRDA:34,0,0,2
BRDA:34,0,1,3
BRDA:35,1,0,2
BRDA:35,1,1,3
BRDA:44,2,0,2
BRDA:44,2,1,3
BRDA:47,3,0,0
BRDA:47,3,1,5
BRDA:63,4,0,2
BRDA:63,4,1,3
BRDA:66,5,0,2
BRDA:66,5,1,3
BRDA:67,6,0,2
BRDA:67,6,1,3
BRDA:77,7,0,2
BRDA:77,7,1,3
BRDA:78,8,0,2
BRDA:78,8,1,3
BRDA:83,9,0,0
BRDA:83,9,1,5
BRDA:86,10,0,0
BRDA:86,10,1,5
BRDA:96,11,0,2
BRDA:96,11,1,3
BRDA:97,12,0,2
BRDA:97,12,1,3
BRDA:103,13,0,0
BRDA:103,13,1,5
BRDA:118,14,0,3
BRDA:118,14,1,0
BRDA:131,15,0,0
BRDA:131,15,1,2
BRDA:134,16,0,1
BRDA:134,16,1,1
BRDA:150,17,0,0
BRDA:150,17,1,1
BRDA:151,18,0,0
BRDA:151,18,1,1
BRDA:158,19,0,0
BRDA:158,19,1,1
BRDA:162,20,0,1
BRDA:162,20,1,0
BRDA:165,21,0,1
BRDA:165,21,1,0
BRDA:169,22,0,0
BRDA:169,22,1,1
BRDA:170,23,0,0
BRDA:170,23,1,1
BRDA:188,24,0,0
BRDA:188,24,1,1
BRDA:194,25,0,1
BRDA:194,25,1,1
BRDA:194,26,0,1
BRDA:194,26,1,1
BRDA:211,27,0,0
BRDA:211,27,1,1
BRDA:229,28,0,0
BRDA:229,28,1,1
BRDA:233,29,0,0
BRDA:233,29,1,1
BRDA:266,30,0,0
BRDA:266,30,1,0
BRDA:266,31,0,0
BRDA:266,31,1,0
BRDA:271,32,0,0
BRDA:271,32,1,0
BRDA:276,33,0,0
BRDA:276,33,1,0
BRDA:312,34,0,0
BRDA:312,34,1,0
BRDA:317,35,0,0
BRDA:317,35,1,0
BRDA:323,36,0,0
BRDA:323,36,1,0
BRDA:331,37,0,0
BRDA:331,37,1,0
BRDA:332,38,0,0
BRDA:332,38,1,0
BRDA:332,39,0,0
BRDA:332,39,1,0
BRDA:343,40,0,0
BRDA:343,40,1,0
BRDA:360,41,0,0
BRDA:360,41,1,0
BRDA:423,42,0,0
BRDA:423,42,1,0
BRDA:450,43,0,0
BRDA:450,43,1,0
BRDA:459,44,0,0
BRDA:459,44,1,0
BRDA:473,45,0,0
BRDA:473,45,1,1
BRDA:474,46,0,0
BRDA:474,46,1,1
BRDA:480,47,0,0
BRDA:480,47,1,1
BRDA:482,48,0,1
BRDA:482,48,1,0
BRDA:483,49,0,0
BRDA:483,49,1,1
BRDA:488,50,0,1
BRDA:488,50,1,1
BRDA:490,51,0,0
BRDA:490,51,1,1
BRDA:494,52,0,0
BRDA:494,52,1,1
BRDA:495,53,0,0
BRDA:495,53,1,1
BRDA:511,54,0,0
BRDA:511,54,1,1
BRDA:528,55,0,0
BRDA:528,55,1,1
BRDA:547,56,0,0
BRDA:547,56,1,0
BRDA:548,57,0,0
BRDA:548,57,1,0
BRDA:551,58,0,0
BRDA:551,58,1,0
BRDA:553,59,0,0
BRDA:553,59,1,0
BRDA:555,60,0,0
BRDA:555,60,1,0
BRDA:558,61,0,0
BRDA:558,61,1,0
BRDA:579,62,0,0
BRDA:579,62,1,0
BRDA:591,63,0,0
BRDA:591,63,1,0
BRDA:626,64,0,0
BRDA:626,64,1,0
BRDA:627,65,0,0
BRDA:627,65,1,0
BRDA:632,66,0,0
BRDA:632,66,1,0
BRDA:637,67,0,0
BRDA:637,67,1,0
BRDA:640,68,0,0
BRDA:640,68,1,0
BRDA:661,69,0,0
BRDA:661,69,1,0
BRDA:673,70,0,0
BRDA:673,70,1,0
BRDA:707,71,0,0
BRDA:707,71,1,3
BRDA:724,72,0,3
BRDA:724,72,1,0
BRDA:735,73,0,3
BRDA:735,73,1,0
BRDA:768,74,0,1
BRDA:768,74,1,0
BRDA:772,75,0,1
BRDA:772,75,1,0
BRDA:773,76,0,1
BRDA:773,76,1,0
BRDA:780,77,0,0
BRDA:780,77,1,0
BRDA:794,78,0,0
BRDA:794,78,1,0
BRDA:797,79,0,0
BRDA:797,79,1,0
BRDA:798,80,0,0
BRDA:798,80,1,0
BRDA:799,81,0,0
BRDA:799,81,1,0
BRDA:800,82,0,0
BRDA:800,82,1,0
BRDA:811,83,0,0
BRDA:811,83,1,0
BRDA:811,84,0,0
BRDA:811,84,1,0
BRDA:825,85,0,0
BRDA:825,85,1,0
BRDA:826,86,0,0
BRDA:826,86,1,0
BRDA:827,87,0,0
BRDA:827,87,1,0
BRDA:837,88,0,0
BRDA:837,88,1,0
BRDA:838,89,0,0
BRDA:838,89,1,0
BRDA:839,90,0,0
BRDA:839,90,1,0
BRDA:840,91,0,0
BRDA:840,91,1,0
BRDA:841,92,0,0
BRDA:841,92,1,0
BRDA:842,93,0,0
BRDA:842,93,1,0
BRDA:860,94,0,0
BRDA:860,94,1,0
BRDA:860,95,0,0
BRDA:860,95,1,0
BRDA:878,96,0,0
BRDA:878,96,1,0
BRDA:918,97,0,0
BRDA:918,97,1,0
BRDA:919,98,0,0
BRDA:919,98,1,0
BRDA:922,99,0,0
BRDA:922,99,1,0
BRDA:922,100,0,0
BRDA:922,100,1,0
BRDA:923,101,0,0
BRDA:923,101,1,0
BRDA:941,102,0,0
BRDA:941,102,1,0
BRDA:976,103,0,0
BRDA:976,103,1,0
BRDA:995,104,0,0
BRDA:995,104,1,0
BRDA:996,105,0,0
BRDA:996,105,1,0
BRDA:997,106,0,0
BRDA:997,106,1,0
BRDA:1008,107,0,0
BRDA:1008,107,1,0
BRDA:1009,108,0,0
BRDA:1009,108,1,0
BRDA:1010,109,0,0
BRDA:1010,109,1,0
BRDA:1011,110,0,0
BRDA:1011,110,1,0
BRDA:1012,111,0,0
BRDA:1012,111,1,0
BRDA:1013,112,0,0
BRDA:1013,112,1,0
BRDA:1021,113,0,0
BRDA:1021,113,1,0
BRDA:1026,114,0,0
BRDA:1026,114,1,0
BRDA:1027,115,0,0
BRDA:1027,115,1,0
BRDA:1028,116,0,0
BRDA:1028,116,1,0
BRDA:1036,117,0,0
BRDA:1036,117,1,0
BRDA:1036,118,0,0
BRDA:1036,118,1,0
BRDA:1045,119,0,0
BRDA:1045,119,1,0
BRDA:1045,120,0,0
BRDA:1045,120,1,0
BRDA:1045,120,2,0
BRDA:1054,121,0,0
BRDA:1054,121,1,0
BRDA:1054,122,0,0
BRDA:1054,122,1,0
BRF:247
BRH:61
end_of_record
TN:
SF:src\modules\sessions\sessions.controller.ts
FN:15,(anonymous_0)
FN:23,(anonymous_1)
FN:36,(anonymous_2)
FN:49,(anonymous_3)
FN:64,(anonymous_4)
FN:79,(anonymous_5)
FN:93,(anonymous_6)
FN:107,(anonymous_7)
FNF:8
FNH:8
FNDA:9,(anonymous_0)
FNDA:2,(anonymous_1)
FNDA:2,(anonymous_2)
FNDA:1,(anonymous_3)
FNDA:1,(anonymous_4)
FNDA:1,(anonymous_5)
FNDA:1,(anonymous_6)
FNDA:1,(anonymous_7)
DA:11,12
DA:13,12
DA:15,12
DA:16,9
DA:19,12
DA:24,2
DA:25,2
DA:26,2
DA:27,1
DA:28,1
DA:33,12
DA:37,2
DA:38,2
DA:39,2
DA:40,2
DA:41,0
DA:46,12
DA:50,1
DA:51,1
DA:52,1
DA:53,1
DA:54,1
DA:55,0
DA:60,12
DA:65,1
DA:66,1
DA:67,1
DA:68,1
DA:69,1
DA:70,1
DA:71,0
DA:76,12
DA:80,1
DA:81,1
DA:82,1
DA:83,1
DA:84,1
DA:85,0
DA:90,12
DA:94,1
DA:95,1
DA:96,1
DA:97,1
DA:98,1
DA:99,0
DA:104,12
DA:108,1
DA:109,1
DA:110,1
DA:111,1
DA:112,0
LF:51
LH:45
BRDA:16,0,0,1
BRDA:16,0,1,8
BRDA:96,1,0,1
BRDA:96,1,1,0
BRF:4
BRH:3
end_of_record
TN:
SF:src\modules\sessions\sessions.service.ts
FN:14,findNextScheduleSlot
FN:19,(anonymous_1)
FN:36,(anonymous_2)
FN:43,createSession
FN:101,getSessionsByTeacher
FN:149,getSessionById
FN:157,updateSessionStatus
FN:183,deleteSession
FN:201,generateTodaySessions
FN:235,(anonymous_9)
FN:245,(anonymous_10)
FN:250,(anonymous_11)
FN:251,(anonymous_12)
FN:282,generateWeekSessions
FN:321,(anonymous_14)
FN:332,(anonymous_15)
FN:339,(anonymous_16)
FN:342,(anonymous_17)
FNF:18
FNH:7
FNDA:0,findNextScheduleSlot
FNDA:0,(anonymous_1)
FNDA:0,(anonymous_2)
FNDA:12,createSession
FNDA:12,getSessionsByTeacher
FNDA:12,getSessionById
FNDA:12,updateSessionStatus
FNDA:12,deleteSession
FNDA:12,generateTodaySessions
FNDA:0,(anonymous_9)
FNDA:0,(anonymous_10)
FNDA:0,(anonymous_11)
FNDA:0,(anonymous_12)
FNDA:12,generateWeekSessions
FNDA:0,(anonymous_14)
FNDA:0,(anonymous_15)
FNDA:0,(anonymous_16)
FNDA:0,(anonymous_17)
DA:18,0
DA:20,0
DA:21,0
DA:24,0
DA:25,0
DA:27,0
DA:28,0
DA:29,0
DA:31,0
DA:36,0
DA:37,0
DA:45,2
DA:46,2
DA:49,1
DA:50,1
DA:51,1
DA:52,1
DA:54,1
DA:59,1
DA:61,1
DA:70,1
DA:71,1
DA:72,1
DA:73,1
DA:74,1
DA:76,1
DA:82,1
DA:84,2
DA:85,0
DA:91,0
DA:92,0
DA:93,0
DA:97,1
DA:102,2
DA:103,2
DA:104,2
DA:106,2
DA:107,2
DA:108,2
DA:111,2
DA:112,0
DA:113,0
DA:114,0
DA:115,0
DA:116,0
DA:119,2
DA:120,0
DA:121,0
DA:122,0
DA:123,0
DA:124,0
DA:126,0
DA:127,0
DA:128,0
DA:129,0
DA:133,2
DA:142,2
DA:150,1
DA:151,1
DA:152,1
DA:158,1
DA:159,1
DA:161,1
DA:162,0
DA:166,1
DA:167,1
DA:169,0
DA:172,1
DA:178,1
DA:184,1
DA:185,1
DA:187,1
DA:188,0
DA:192,1
DA:195,1
DA:197,1
DA:202,1
DA:203,1
DA:204,1
DA:205,1
DA:208,1
DA:214,1
DA:216,1
DA:217,0
DA:219,0
DA:220,0
DA:221,0
DA:222,0
DA:227,1
DA:228,1
DA:232,0
DA:233,0
DA:235,0
DA:236,0
DA:244,0
DA:245,0
DA:249,0
DA:250,0
DA:251,0
DA:259,0
DA:261,0
DA:262,0
DA:265,0
DA:271,0
DA:283,1
DA:284,1
DA:285,1
DA:288,1
DA:294,1
DA:296,1
DA:297,0
DA:299,0
DA:300,0
DA:301,0
DA:303,0
DA:304,0
DA:306,0
DA:307,0
DA:309,0
DA:313,1
DA:314,1
DA:318,0
DA:319,0
DA:321,0
DA:322,0
DA:331,0
DA:333,0
DA:338,0
DA:339,0
DA:342,0
DA:350,0
DA:352,0
DA:353,0
DA:356,0
DA:362,0
LF:135
LH:61
BRDA:21,0,0,0
BRDA:21,0,1,0
BRDA:46,1,0,1
BRDA:46,1,1,1
BRDA:59,2,0,0
BRDA:59,2,1,1
BRDA:82,3,0,1
BRDA:82,3,1,0
BRDA:84,4,0,0
BRDA:84,4,1,2
BRDA:91,5,0,0
BRDA:91,5,1,0
BRDA:91,6,0,0
BRDA:91,6,1,0
BRDA:101,7,0,2
BRDA:102,8,0,2
BRDA:102,8,1,2
BRDA:103,9,0,2
BRDA:103,9,1,2
BRDA:107,10,0,0
BRDA:107,10,1,2
BRDA:108,11,0,0
BRDA:108,11,1,2
BRDA:111,12,0,0
BRDA:111,12,1,2
BRDA:119,13,0,0
BRDA:119,13,1,2
BRDA:119,14,0,2
BRDA:119,14,1,2
BRDA:121,15,0,0
BRDA:121,15,1,0
BRDA:126,16,0,0
BRDA:126,16,1,0
BRDA:151,17,0,0
BRDA:151,17,1,1
BRDA:159,18,0,0
BRDA:159,18,1,1
BRDA:161,19,0,0
BRDA:161,19,1,1
BRDA:167,20,0,0
BRDA:167,20,1,1
BRDA:185,21,0,0
BRDA:185,21,1,1
BRDA:187,22,0,0
BRDA:187,22,1,1
BRDA:217,23,0,0
BRDA:217,23,1,0
BRDA:217,24,0,0
BRDA:217,24,1,0
BRDA:221,25,0,0
BRDA:221,25,1,0
BRDA:227,26,0,1
BRDA:227,26,1,0
BRDA:261,27,0,0
BRDA:261,27,1,0
BRDA:297,28,0,0
BRDA:297,28,1,0
BRDA:297,29,0,0
BRDA:297,29,1,0
BRDA:301,30,0,0
BRDA:301,30,1,0
BRDA:304,31,0,0
BRDA:304,31,1,0
BRDA:313,32,0,1
BRDA:313,32,1,0
BRDA:352,33,0,0
BRDA:352,33,1,0
BRF:67
BRH:24
end_of_record
TN:
SF:src\modules\students\group-cards-pdf.service.ts
FN:8,generateGroupCardsHtml
FN:25,(anonymous_1)
FN:40,(anonymous_2)
FNF:3
FNH:3
FNDA:12,generateGroupCardsHtml
FNDA:1,(anonymous_1)
FNDA:1,(anonymous_2)
DA:9,1
DA:10,1
DA:11,0
DA:14,1
DA:15,1
DA:16,0
DA:19,1
DA:20,1
DA:21,0
DA:24,1
DA:26,1
DA:27,1
DA:33,1
DA:37,1
DA:38,1
DA:40,1
DA:41,1
DA:95,1
LF:18
LH:15
BRDA:10,0,0,0
BRDA:10,0,1,1
BRDA:15,1,0,0
BRDA:15,1,1,1
BRDA:20,2,0,0
BRDA:20,2,1,1
BRDA:26,3,0,1
BRDA:26,3,1,0
BRDA:26,3,2,0
BRDA:37,4,0,1
BRDA:37,4,1,1
BRDA:38,5,0,0
BRDA:38,5,1,1
BRDA:61,6,0,1
BRDA:61,6,1,0
BRDA:61,6,2,0
BRDA:69,7,0,1
BRDA:69,7,1,0
BRDA:77,8,0,1
BRDA:77,8,1,0
BRDA:79,9,0,1
BRDA:79,9,1,0
BRF:22
BRH:11
end_of_record
TN:
SF:src\modules\students\students.controller.ts
FN:16,extractTeacherId
FN:22,createStudent
FN:33,getStudents
FN:44,getStudentById
FN:55,updateStudent
FN:66,deleteStudent
FN:77,bulkCreateStudents
FN:88,printGroupCards
FNF:8
FNH:8
FNDA:12,extractTeacherId
FNDA:12,createStudent
FNDA:12,getStudents
FNDA:12,getStudentById
FNDA:12,updateStudent
FNDA:12,deleteStudent
FNDA:12,bulkCreateStudents
FNDA:12,printGroupCards
DA:17,15
DA:18,4
DA:19,1
DA:23,2
DA:24,2
DA:25,2
DA:26,2
DA:27,2
DA:29,0
DA:34,7
DA:35,7
DA:36,7
DA:37,7
DA:38,6
DA:40,1
DA:45,2
DA:46,2
DA:47,2
DA:48,2
DA:49,1
DA:51,1
DA:56,1
DA:57,1
DA:58,1
DA:59,1
DA:60,1
DA:62,0
DA:67,1
DA:68,1
DA:69,1
DA:70,1
DA:71,1
DA:73,0
DA:78,1
DA:79,1
DA:80,1
DA:81,1
DA:82,1
DA:84,0
DA:89,1
DA:90,1
DA:91,1
DA:92,1
DA:93,1
DA:94,1
DA:96,0
DA:101,12
DA:102,12
DA:110,12
DA:111,12
DA:112,12
DA:113,12
DA:115,12
DA:116,12
DA:117,12
LF:55
LH:50
BRDA:17,0,0,11
BRDA:17,0,1,4
BRDA:18,1,0,3
BRDA:18,1,1,1
BRDA:18,2,0,4
BRDA:18,2,1,4
BRF:6
BRH:6
end_of_record
TN:
SF:src\modules\students\students.service.ts
FN:16,parseFullName
FN:28,createStudent
FN:88,bulkCreateStudents
FN:89,(anonymous_3)
FN:92,(anonymous_4)
FN:96,(anonymous_5)
FN:100,(anonymous_6)
FN:107,(anonymous_7)
FN:155,(anonymous_8)
FN:184,(anonymous_9)
FN:209,getStudentsByTeacherId
FN:262,(anonymous_11)
FN:278,getStudentById
FN:286,updateStudent
FN:327,deleteStudent
FNF:15
FNH:14
FNDA:12,parseFullName
FNDA:12,createStudent
FNDA:12,bulkCreateStudents
FNDA:1,(anonymous_3)
FNDA:2,(anonymous_4)
FNDA:1,(anonymous_5)
FNDA:1,(anonymous_6)
FNDA:0,(anonymous_7)
FNDA:2,(anonymous_8)
FNDA:2,(anonymous_9)
FNDA:12,getStudentsByTeacherId
FNDA:2,(anonymous_11)
FNDA:12,getStudentById
FNDA:12,updateStudent
FNDA:12,deleteStudent
DA:17,5
DA:18,5
DA:19,0
DA:23,5
DA:24,5
DA:25,5
DA:30,2
DA:31,2
DA:32,0
DA:36,2
DA:37,0
DA:41,2
DA:42,2
DA:43,2
DA:44,0
DA:48,2
DA:51,2
DA:52,2
DA:53,2
DA:56,2
DA:57,2
DA:70,2
DA:77,2
DA:79,0
DA:80,0
DA:81,0
DA:84,0
DA:89,1
DA:92,2
DA:93,1
DA:96,1
DA:99,1
DA:100,1
DA:105,1
DA:106,1
DA:107,1
DA:108,1
DA:115,1
DA:116,2
DA:118,2
DA:119,2
DA:120,0
DA:125,2
DA:126,0
DA:131,2
DA:132,2
DA:133,0
DA:137,2
DA:141,1
DA:142,1
DA:143,2
DA:148,1
DA:149,1
DA:150,1
DA:151,1
DA:155,1
DA:156,2
DA:157,2
DA:159,2
DA:160,2
DA:161,2
DA:163,2
DA:165,2
DA:180,1
DA:181,1
DA:183,1
DA:184,2
DA:191,0
DA:192,0
DA:193,0
DA:194,0
DA:195,0
DA:196,0
DA:197,0
DA:198,0
DA:199,0
DA:201,0
DA:204,0
DA:211,6
DA:213,6
DA:214,6
DA:215,6
DA:218,6
DA:219,0
DA:221,6
DA:222,0
DA:224,6
DA:225,0
DA:228,6
DA:231,0
DA:232,0
DA:233,0
DA:234,0
DA:236,0
DA:246,6
DA:247,6
DA:248,6
DA:251,6
DA:262,6
DA:267,6
DA:279,2
DA:282,2
DA:283,1
DA:292,1
DA:293,1
DA:296,1
DA:297,0
DA:298,0
DA:299,0
DA:303,1
DA:304,1
DA:305,1
DA:306,1
DA:309,1
DA:310,1
DA:316,1
DA:317,1
DA:320,0
DA:321,0
DA:323,0
DA:328,1
DA:329,1
DA:331,1
DA:338,1
LF:124
LH:88
BRDA:18,0,0,0
BRDA:18,0,1,5
BRDA:31,1,0,0
BRDA:31,1,1,2
BRDA:36,2,0,0
BRDA:36,2,1,2
BRDA:41,3,0,2
BRDA:41,3,1,0
BRDA:43,4,0,0
BRDA:43,4,1,2
BRDA:66,5,0,2
BRDA:66,5,1,2
BRDA:67,6,0,2
BRDA:67,6,1,0
BRDA:79,7,0,0
BRDA:79,7,1,0
BRDA:80,8,0,0
BRDA:80,8,1,0
BRDA:109,9,0,1
BRDA:109,9,1,1
BRDA:110,10,0,1
BRDA:110,10,1,0
BRDA:119,11,0,0
BRDA:119,11,1,2
BRDA:125,12,0,0
BRDA:125,12,1,2
BRDA:132,13,0,0
BRDA:132,13,1,2
BRDA:145,14,0,2
BRDA:145,14,1,1
BRDA:174,15,0,2
BRDA:174,15,1,2
BRDA:175,16,0,2
BRDA:175,16,1,0
BRDA:192,17,0,0
BRDA:192,17,1,0
BRDA:193,18,0,0
BRDA:193,18,1,0
BRDA:196,19,0,0
BRDA:196,19,1,0
BRDA:198,20,0,0
BRDA:198,20,1,0
BRDA:213,21,0,0
BRDA:213,21,1,6
BRDA:214,22,0,0
BRDA:214,22,1,6
BRDA:215,23,0,0
BRDA:215,23,1,6
BRDA:218,24,0,0
BRDA:218,24,1,6
BRDA:221,25,0,0
BRDA:221,25,1,6
BRDA:224,26,0,0
BRDA:224,26,1,6
BRDA:228,27,0,0
BRDA:228,27,1,6
BRDA:246,28,0,6
BRDA:246,28,1,5
BRDA:247,29,0,6
BRDA:247,29,1,5
BRDA:264,30,0,2
BRDA:264,30,1,0
BRDA:282,31,0,1
BRDA:282,31,1,1
BRDA:296,32,0,0
BRDA:296,32,1,1
BRDA:298,33,0,0
BRDA:298,33,1,0
BRDA:303,34,0,1
BRDA:303,34,1,0
BRDA:316,35,0,0
BRDA:316,35,1,1
BRDA:320,36,0,0
BRDA:320,36,1,0
BRDA:321,37,0,0
BRDA:321,37,1,0
BRDA:329,38,0,0
BRDA:329,38,1,1
BRF:78
BRH:37
end_of_record
TN:
SF:src\modules\subscriptions\subscriptions.controller.ts
FN:12,createSubscription
FN:30,getAllSubscriptions
FN:43,getTeacherSubscriptions
FN:57,getAvailablePlans
FNF:4
FNH:4
FNDA:12,createSubscription
FNDA:12,getAllSubscriptions
FNDA:12,getTeacherSubscriptions
FNDA:12,getAvailablePlans
DA:13,2
DA:14,2
DA:15,2
DA:19,2
DA:26,0
DA:31,1
DA:32,1
DA:33,1
DA:39,0
DA:44,1
DA:45,1
DA:46,1
DA:47,1
DA:53,0
DA:58,1
DA:59,1
DA:60,1
DA:66,0
DA:71,12
DA:73,12
DA:76,12
DA:79,12
DA:80,12
DA:83,12
LF:24
LH:20
BRF:0
BRH:0
end_of_record
TN:
SF:src\modules\subscriptions\subscriptions.service.ts
FN:17,createSubscription
FN:104,getAllSubscriptions
FN:111,getTeacherSubscriptions
FN:117,getAvailablePlans
FN:125,(anonymous_4)
FN:135,(anonymous_5)
FN:145,(anonymous_6)
FNF:7
FNH:7
FNDA:12,createSubscription
FNDA:12,getAllSubscriptions
FNDA:12,getTeacherSubscriptions
FNDA:12,getAvailablePlans
FNDA:4,(anonymous_4)
FNDA:4,(anonymous_5)
FNDA:4,(anonymous_6)
DA:22,2
DA:23,2
DA:24,0
DA:26,2
DA:27,0
DA:30,2
DA:31,2
DA:33,2
DA:34,2
DA:36,2
DA:37,2
DA:38,2
DA:40,2
DA:41,2
DA:43,2
DA:44,2
DA:47,2
DA:48,0
DA:49,0
DA:50,0
DA:55,2
DA:61,2
DA:62,2
DA:64,2
DA:65,0
DA:67,2
DA:70,2
DA:81,2
DA:82,2
DA:84,2
DA:85,0
DA:86,0
DA:89,2
DA:91,2
DA:93,2
DA:94,0
DA:95,0
DA:96,0
DA:97,0
DA:101,2
DA:105,1
DA:112,1
DA:118,1
DA:120,1
DA:125,4
DA:135,4
DA:145,4
LF:47
LH:35
BRDA:22,0,0,2
BRDA:22,0,1,2
BRDA:23,1,0,0
BRDA:23,1,1,2
BRDA:26,2,0,0
BRDA:26,2,1,2
BRDA:31,3,0,2
BRDA:31,3,1,2
BRDA:31,3,2,2
BRDA:34,4,0,2
BRDA:34,4,1,0
BRDA:43,5,0,2
BRDA:43,5,1,0
BRDA:44,6,0,2
BRDA:44,6,1,0
BRDA:47,7,0,0
BRDA:47,7,1,2
BRDA:59,8,0,2
BRDA:59,8,1,2
BRDA:61,9,0,0
BRDA:61,9,1,2
BRDA:64,10,0,0
BRDA:64,10,1,2
BRDA:67,11,0,2
BRDA:67,11,1,0
BRDA:73,12,0,0
BRDA:73,12,1,2
BRDA:73,13,0,2
BRDA:73,13,1,0
BRDA:79,14,0,2
BRDA:79,14,1,1
BRDA:81,15,0,1
BRDA:81,15,1,1
BRDA:82,16,0,0
BRDA:82,16,1,2
BRDA:84,17,0,0
BRDA:84,17,1,2
BRDA:86,18,0,0
BRDA:86,18,1,0
BRDA:89,19,0,2
BRDA:89,19,1,2
BRDA:93,20,0,0
BRDA:93,20,1,2
BRDA:94,21,0,0
BRDA:94,21,1,0
BRDA:95,22,0,0
BRDA:95,22,1,0
BRDA:97,23,0,0
BRDA:97,23,1,0
BRDA:124,24,0,1
BRDA:124,24,1,0
BRDA:128,25,0,4
BRDA:128,25,1,0
BRDA:134,26,0,1
BRDA:134,26,1,0
BRDA:138,27,0,4
BRDA:138,27,1,0
BRDA:144,28,0,1
BRDA:144,28,1,0
BRDA:148,29,0,4
BRDA:148,29,1,0
BRF:61
BRH:33
end_of_record
TN:
SF:src\modules\users\users.controller.ts
FN:13,createUser
FN:28,getUsers
FN:42,updateUser
FN:58,deleteUser
FN:96,(anonymous_4)
FNF:5
FNH:5
FNDA:12,createUser
FNDA:12,getUsers
FNDA:12,updateUser
FNDA:12,deleteUser
FNDA:1,(anonymous_4)
DA:14,1
DA:15,1
DA:16,1
DA:21,1
DA:23,0
DA:24,0
DA:29,1
DA:30,1
DA:31,1
DA:36,1
DA:38,0
DA:43,1
DA:44,1
DA:45,1
DA:46,1
DA:52,1
DA:54,0
DA:59,1
DA:60,1
DA:61,1
DA:62,1
DA:67,1
DA:69,0
DA:74,12
DA:77,12
DA:80,12
DA:83,12
DA:86,12
DA:89,12
DA:92,12
DA:97,1
DA:98,1
DA:99,1
DA:100,1
DA:101,1
DA:102,1
DA:103,0
LF:37
LH:31
BRF:0
BRH:0
end_of_record
TN:
SF:src\modules\users\users.service.ts
FN:10,createUser
FN:70,getUsers
FN:95,updateUser
FN:133,paySalary
FN:156,deleteUser
FNF:5
FNH:5
FNDA:12,createUser
FNDA:12,getUsers
FNDA:12,updateUser
FNDA:12,paySalary
FNDA:12,deleteUser
DA:12,1
DA:13,0
DA:16,1
DA:18,1
DA:19,1
DA:20,1
DA:23,1
DA:25,0
DA:26,0
DA:27,0
DA:28,0
DA:33,1
DA:34,1
DA:35,0
DA:37,1
DA:42,1
DA:43,1
DA:44,1
DA:47,1
DA:48,1
DA:53,1
DA:54,1
DA:55,0
DA:60,1
DA:61,1
DA:63,1
DA:66,0
DA:71,1
DA:73,1
DA:74,0
DA:75,1
DA:76,1
DA:77,1
DA:79,0
DA:83,1
DA:84,0
DA:87,1
DA:92,1
DA:96,1
DA:98,1
DA:99,0
DA:103,1
DA:104,0
DA:107,1
DA:108,0
DA:111,1
DA:112,0
DA:115,1
DA:116,0
DA:117,0
DA:118,0
DA:122,1
DA:123,0
DA:126,1
DA:130,1
DA:134,1
DA:140,1
DA:143,1
DA:153,1
DA:157,1
DA:159,1
DA:160,0
DA:164,1
DA:165,0
DA:168,1
DA:169,0
DA:172,1
DA:173,0
DA:177,1
DA:179,1
LF:70
LH:47
BRDA:12,0,0,0
BRDA:12,0,1,1
BRDA:16,1,0,1
BRDA:16,1,1,0
BRDA:23,2,0,0
BRDA:23,2,1,1
BRDA:23,3,0,1
BRDA:23,3,1,1
BRDA:27,4,0,0
BRDA:27,4,1,0
BRDA:27,5,0,0
BRDA:27,5,1,0
BRDA:34,6,0,0
BRDA:34,6,1,1
BRDA:43,7,0,1
BRDA:43,7,1,0
BRDA:54,8,0,0
BRDA:54,8,1,1
BRDA:73,9,0,0
BRDA:73,9,1,1
BRDA:73,10,0,1
BRDA:73,10,1,1
BRDA:75,11,0,1
BRDA:75,11,1,0
BRDA:83,12,0,0
BRDA:83,12,1,1
BRDA:98,13,0,0
BRDA:98,13,1,1
BRDA:103,14,0,0
BRDA:103,14,1,1
BRDA:107,15,0,0
BRDA:107,15,1,1
BRDA:107,16,0,1
BRDA:107,16,1,1
BRDA:111,17,0,0
BRDA:111,17,1,1
BRDA:111,18,0,1
BRDA:111,18,1,1
BRDA:111,18,2,0
BRDA:115,19,0,0
BRDA:115,19,1,1
BRDA:115,20,0,1
BRDA:115,20,1,0
BRDA:117,21,0,0
BRDA:117,21,1,0
BRDA:122,22,0,0
BRDA:122,22,1,1
BRDA:140,23,0,0
BRDA:140,23,1,1
BRDA:149,24,0,1
BRDA:149,24,1,0
BRDA:159,25,0,0
BRDA:159,25,1,1
BRDA:164,26,0,0
BRDA:164,26,1,1
BRDA:168,27,0,0
BRDA:168,27,1,1
BRDA:168,28,0,1
BRDA:168,28,1,1
BRDA:172,29,0,0
BRDA:172,29,1,1
BRDA:172,30,0,1
BRDA:172,30,1,1
BRDA:172,30,2,0
BRF:64
BRH:34
end_of_record
TN:
SF:src\validation\attendance.validation.ts
FN:30,(anonymous_0)
FNF:1
FNH:0
FNDA:0,(anonymous_0)
DA:4,12
DA:6,12
DA:16,12
DA:28,12
DA:30,0
LF:5
LH:4
BRF:0
BRH:0
end_of_record
TN:
SF:src\validation\auth.validation.ts
FNF:0
FNH:0
DA:4,12
DA:11,12
LF:2
LH:2
BRF:0
BRH:0
end_of_record
TN:
SF:src\validation\exam.validation.ts
FNF:0
FNH:0
DA:4,12
DA:6,12
DA:14,12
DA:26,12
DA:38,12
LF:5
LH:5
BRF:0
BRH:0
end_of_record
TN:
SF:src\validation\group.validation.ts
FN:5,(anonymous_0)
FNF:1
FNH:1
FNDA:1,(anonymous_0)
DA:4,12
DA:5,1
DA:8,12
DA:20,12
LF:4
LH:4
BRF:0
BRH:0
end_of_record
TN:
SF:src\validation\notebook.validation.ts
FNF:0
FNH:0
DA:3,12
DA:13,12
DA:22,12
LF:3
LH:3
BRF:0
BRH:0
end_of_record
TN:
SF:src\validation\payment.validation.ts
FN:28,(anonymous_0)
FN:76,(anonymous_1)
FN:80,(anonymous_2)
FN:83,(anonymous_3)
FNF:4
FNH:0
FNDA:0,(anonymous_0)
FNDA:0,(anonymous_1)
FNDA:0,(anonymous_2)
FNDA:0,(anonymous_3)
DA:5,12
DA:7,12
DA:17,12
DA:26,12
DA:28,0
DA:35,12
DA:44,12
DA:54,12
DA:61,12
DA:74,12
DA:76,0
DA:80,0
DA:83,0
DA:86,12
LF:14
LH:10
BRF:0
BRH:0
end_of_record
TN:
SF:src\validation\session.validation.ts
FN:15,(anonymous_0)
FNF:1
FNH:0
FNDA:0,(anonymous_0)
DA:4,12
DA:13,12
DA:15,0
LF:3
LH:2
BRF:0
BRH:0
end_of_record
TN:
SF:src\validation\student.validation.ts
FN:5,(anonymous_0)
FNF:1
FNH:1
FNDA:1,(anonymous_0)
DA:4,12
DA:5,1
DA:8,12
DA:19,12
DA:32,12
LF:5
LH:5
BRF:0
BRH:0
end_of_record
TN:
SF:src\validation\subscriptions.validation.ts
FNF:0
FNH:0
DA:3,12
LF:1
LH:1
BRF:0
BRH:0
end_of_record
TN:
SF:src\validation\user.validation.ts
FNF:0
FNH:0
DA:4,12
DA:16,12
DA:29,12
LF:3
LH:3
BRF:0
BRH:0
end_of_record
